Better speed can be achieved with apex installed from https://www.github.com/nvidia/apex.
[02;37m[2020-08-19 12:15:07,318][vocab:wordvec_hash][DEBUG] [0m[37m[starting] reading cached at ../data/vocab/wordvec_hash/glove-cc-42b-300d.p[0m
[02;37m[2020-08-19 12:15:11,247][vocab:wordvec_hash][DEBUG] [0m[37m[finished] reading cached at ../data/vocab/wordvec_hash/glove-cc-42b-300d.p [3.93s][0m
[02;37m[2020-08-19 12:15:13,673][onir.config][WARNING] [0m[33munknown bm25 arg k1-0.82[0m
[02;37m[2020-08-19 12:15:13,674][onir.config][WARNING] [0m[33munknown bm25 arg b-0.68[0m
[02;37m[2020-08-19 12:15:16,542][trainer:pairwise][DEBUG] [0m[37musing GPU (deterministic)[0m
[02;37m[2020-08-19 12:15:16,568][onir.config][WARNING] [0m[33munknown bm25 arg k1-0.82[0m
[02;37m[2020-08-19 12:15:16,568][onir.config][WARNING] [0m[33munknown bm25 arg b-0.68[0m
[02;37m[2020-08-19 12:15:16,569][onir.config][WARNING] [0m[33munknown bm25 arg k1-0.82[0m
[02;37m[2020-08-19 12:15:16,569][onir.config][WARNING] [0m[33munknown bm25 arg b-0.68[0m
[02;37m[2020-08-19 12:15:16,573][onir.injector][DEBUG] [0m[37mConfiguration:[0m
 vocab      wordvec_hash                                                  
--------------------------------------------------------------------------
 source     [33mglove[0m         |  variant      [33mcc-42b-300d[0m  |  train     False 
 hashspace  1000          |  init_stddev  0.5          |  log_miss  False 

 train_ds             msmarco                                                                            
---------------------------------------------------------------------------------------------------------
 rankfn               [33mbm25_k1-0.82_b-0.68[0m  |  subset           train    |  ranktopk                 100  
 special              [33mmspairs[0m              |  index            default  |  init_skip_train10        True 
 init_skip_train_med  True                 |  init_skip_msrun  True     |  init_skip_doctttttquery  True 

 ranker  knrm                                                                                                                              
-------------------------------------------------------------------------------------------------------------------------------------------
 qlen    [33m40[0m                                                |  dlen    2000                                           |  add_runscore  [33mTrue[0m 
 mus     -0.9,-0.7,-0.5,-0.3,-0.1,0.1,0.3,0.5,0.7,0.9,1.0  |  sigmas  0.1,0.1,0.1,0.1,0.1,0.1,0.1,0.1,0.1,0.1,0.001  |  grad_kernels  True 

 trainer     pairwise                                                                                                    
-------------------------------------------------------------------------------------------------------------------------
 batch_size  16        |  batches_per_epoch  32         |  grad_acc_batch  0                                             
 optimizer   adam      |  lr                 0.001      |  gpu             True                                          
 gpu_determ  True      |  encoder_lr         0.0        |  pipeline        [33mmsmarco_train_bm25_k1-0.82_b-0.68.100_mspairs[0m 
 lossfn      softmax   |  pos_source         intersect  |  neg_source      run                                           
 sampling    query     |  pos_minrel         1          |  unjudged_rel    0                                             
 num_neg     1         |  margin             0.0                                                                         

 valid_ds             msmarco                                                                            
---------------------------------------------------------------------------------------------------------
 rankfn               [33mbm25_k1-0.82_b-0.68[0m  |  subset           [33mminidev[0m  |  ranktopk                 [33m20[0m   
 special              [02;37m[empty][0m              |  index            default  |  init_skip_train10        True 
 init_skip_train_med  True                 |  init_skip_msrun  True     |  init_skip_doctttttquery  True 

 valid_pred  reranker                                                                                
-----------------------------------------------------------------------------------------------------
 batch_size  64        |  gpu            True  |  gpu_determ  True                                   
 preload     False     |  run_threshold  0     |  measures    [33mmrr@10,ndcg@20,map@1000,p@1,p@20,rprec[0m 
 source      run                                                                                     

 test_ds              msmarco                                                                              
-----------------------------------------------------------------------------------------------------------
 rankfn               [33mbm25_k1-0.82_b-0.68[0m  |  subset           [33mjudgeddev[0m  |  ranktopk                 100  
 special              [02;37m[empty][0m              |  index            default    |  init_skip_train10        True 
 init_skip_train_med  True                 |  init_skip_msrun  True       |  init_skip_doctttttquery  True 

 test_pred   reranker                                                                                
-----------------------------------------------------------------------------------------------------
 batch_size  64        |  gpu            True  |  gpu_determ  True                                   
 preload     False     |  run_threshold  0     |  measures    [33mmrr@10,ndcg@20,map@1000,p@1,p@20,rprec[0m 
 source      run                                                                                     

 pipeline      jesus                                                                                               
-------------------------------------------------------------------------------------------------------------------
 max_epoch     1000    |  early_stop     20     |  warmup       -1                                                 
 val_metric    [33mmrr@10[0m  |  purge_weights  True   |  test         [33mTrue[0m                                               
 initial_eval  False   |  skip_ds_init   False  |  only_cached  False                                              
 onlytest      [33mTrue[0m    |  finetune       [33mTrue[0m   |  savefile     [33mmodel_knrm-train_cord19-train_msmarco-test_msmarco[0m 
[0m
[02;37m[2020-08-19 12:15:16,574][valid_pred:reranker][DEBUG] [0m[37musing GPU (deterministic)[0m
[02;37m[2020-08-19 12:15:16,574][trainer:pairwise][INFO] [0m[32mtrain path: ../data/models/config2/knrm_40q_2000d_addrun/wordvec_hash_glove_cc-42b-300d/pairwise_32x16_adam-0.001_softmax_pos-intersect-query_neg-run/msmarco_train_bm25_k1-0.82_b-0.68.100_mspairs[0m
[02;37m[2020-08-19 12:15:19,707][trainer:pairwise][INFO] [0m[32mloading prev model : ../data/models/config2/knrm_40q_2000d_addrun/wordvec_hash_glove_cc-42b-300d/pairwise_32x16_adam-0.001_softmax_pos-intersect-query_neg-run/msmarco_train_bm25_k1-0.82_b-0.68.100_mspairs[0m
[02;37m[2020-08-19 12:15:19,712][pipeline:jesus][DEBUG] [0m[37m[jesus] skipping training[0m
[02;37m[2020-08-19 12:15:19,712][pipeline:jesus][DEBUG] [0m[37m[jesus] loading top context[0m
[02;37m[2020-08-19 12:15:19,712][pipeline:jesus][DEBUG] [0m[37m[jesus] Top epoch context: {'epoch': -1, 'batch_size': 16, 'batches_per_epoch': 32, 'num_microbatches': 1, 'device': device(type='cuda'), 'base_path': '../data/models/config2/knrm_40q_2000d_addrun/wordvec_hash_glove_cc-42b-300d/pairwise_32x16_adam-0.001_softmax_pos-intersect-query_neg-run/msmarco_train_bm25_k1-0.82_b-0.68.100_mspairs', 'ranker': <function Trainer.iter_train.<locals>.<lambda> at 0x7f160500dae8>, 'ranker_path': '../data/models/config2/knrm_40q_2000d_addrun/wordvec_hash_glove_cc-42b-300d/pairwise_32x16_adam-0.001_softmax_pos-intersect-query_neg-run/msmarco_train_bm25_k1-0.82_b-0.68.100_mspairs/weights/-2.p', 'optimizer': <function Trainer.iter_train.<locals>.<lambda> at 0x7f160500dbf8>, 'optimizer_path': '../data/models/config2/knrm_40q_2000d_addrun/wordvec_hash_glove_cc-42b-300d/pairwise_32x16_adam-0.001_softmax_pos-intersect-query_neg-run/msmarco_train_bm25_k1-0.82_b-0.68.100_mspairs/optimizer/-2.p'}[0m
[02;37m[2020-08-19 12:15:19,712][pipeline:jesus][INFO] [0m[32mStarting load ranker[0m
[02;37m[2020-08-19 12:15:19,712][pipeline:jesus][INFO] [0m[32mStarting test predictor run[0m
[02;37m[2020-08-19 12:15:19,712][pipeline:jesus][DEBUG] [0m[37m[starting] testing[0m
[02;37m[2020-08-19 12:15:19,713][test_pred:reranker][DEBUG] [0m[37musing GPU (deterministic)[0m
[02;37m[2020-08-19 12:15:19,714][test_ds:msmarco][DEBUG] [0m[37m[starting] loading bm25_k1-0.82_b-0.68:100 from larger batch bm25_k1-0.82_b-0.68:1000[0m
[02;37m[2020-08-19 12:16:31,970][test_ds:msmarco][DEBUG] [0m[37m[finished] loading bm25_k1-0.82_b-0.68:100 from larger batch bm25_k1-0.82_b-0.68:1000 [01:12][0m
[02;37m[2020-08-19 12:16:31,981][test_ds:msmarco][DEBUG] [0m[37m[starting] loading bm25_k1-0.82_b-0.68:100 from larger batch bm25_k1-0.82_b-0.68:1000[0m
[02;37m[2020-08-19 12:17:54,108][test_ds:msmarco][DEBUG] [0m[37m[finished] loading bm25_k1-0.82_b-0.68:100 from larger batch bm25_k1-0.82_b-0.68:1000 [01:22][0m
[02;37m[2020-08-19 12:17:54,277][test_ds:msmarco][DEBUG] [0m[37m[starting] loading queries[0m
[02;37m[2020-08-19 12:17:54,345][test_ds:msmarco][DEBUG] [0m[37m[finished] loading queries: [67ms] [55578it] [823580.01it/s][0m
[02;37m[2020-08-19 12:17:54,351][onir.interfaces.java][DEBUG] [0m[37m[starting] initializing jnius[0m
[02;37m[2020-08-19 12:17:55,204][onir.interfaces.java][DEBUG] [0m[37m[finished] initializing jnius [854ms][0m
[02;37m[2020-08-19 15:11:06,962][test_ds:msmarco][DEBUG] [0m[37m[starting] loading qrels[0m
[02;37m[2020-08-19 15:11:07,055][test_ds:msmarco][DEBUG] [0m[37m[finished] loading qrels [93ms][0m
[02;37m[2020-08-19 15:11:22,564][pipeline:jesus][DEBUG] [0m[37m[finished] testing [2:56:03][0m
[02;37m[2020-08-19 15:11:22,565][pipeline:jesus][INFO] [0m[32mtest run at ../data/models/config2/knrm_40q_2000d_addrun/wordvec_hash_glove_cc-42b-300d/pairwise_32x16_adam-0.001_softmax_pos-intersect-query_neg-run/msmarco_train_bm25_k1-0.82_b-0.68.100_mspairs/msmarco_judgeddev_bm25_k1-0.82_b-0.68.100/runs/-1.run[0m
[02;37m[2020-08-19 15:11:22,565][pipeline:jesus][INFO] [0m[32mtest  epoch=-1 map@1000=0.1968 [mrr@10=0.1896] ndcg@20=0.2587 p@1=0.1073 p@20=0.0252 rprec=0.1068 runscore_alpha=0.2054[0m
