Better speed can be achieved with apex installed from https://www.github.com/nvidia/apex.
[02;37m[2020-08-19 12:17:18,122][vocab:wordvec_hash][DEBUG] [0m[37m[starting] reading cached at ../data/vocab/wordvec_hash/glove-cc-42b-300d.p[0m
[02;37m[2020-08-19 12:17:22,070][vocab:wordvec_hash][DEBUG] [0m[37m[finished] reading cached at ../data/vocab/wordvec_hash/glove-cc-42b-300d.p [3.95s][0m
[02;37m[2020-08-19 12:17:24,432][onir.config][WARNING] [0m[33munknown bm25 arg k1-0.82[0m
[02;37m[2020-08-19 12:17:24,432][onir.config][WARNING] [0m[33munknown bm25 arg b-0.68[0m
[02;37m[2020-08-19 12:17:27,343][trainer:pairwise][DEBUG] [0m[37musing GPU (deterministic)[0m
[02;37m[2020-08-19 12:17:27,343][onir.config][WARNING] [0m[33munknown bm25 arg k1-0.82[0m
[02;37m[2020-08-19 12:17:27,343][onir.config][WARNING] [0m[33munknown bm25 arg b-0.68[0m
[02;37m[2020-08-19 12:17:27,348][onir.injector][DEBUG] [0m[37mConfiguration:[0m
 vocab      wordvec_hash                                                  
--------------------------------------------------------------------------
 source     [33mglove[0m         |  variant      [33mcc-42b-300d[0m  |  train     False 
 hashspace  1000          |  init_stddev  0.5          |  log_miss  False 

 train_ds             msmarco                                                                            
---------------------------------------------------------------------------------------------------------
 rankfn               [33mbm25_k1-0.82_b-0.68[0m  |  subset           train    |  ranktopk                 100  
 special              [33mmspairs[0m              |  index            default  |  init_skip_train10        True 
 init_skip_train_med  True                 |  init_skip_msrun  True     |  init_skip_doctttttquery  True 

 ranker   pacrr                                             
------------------------------------------------------------
 qlen     [33m40[0m       |  dlen     2000  |  add_runscore  [33mTrue[0m  
 mingram  1        |  maxgram  3     |  nfilters      32    
 idf      True     |  kmax     2     |  shuf          False 
 combine  dense32                                           

 trainer     pairwise                                                                                                    
-------------------------------------------------------------------------------------------------------------------------
 batch_size  16        |  batches_per_epoch  32         |  grad_acc_batch  0                                             
 optimizer   adam      |  lr                 0.001      |  gpu             True                                          
 gpu_determ  True      |  encoder_lr         0.0        |  pipeline        [33mmsmarco_train_bm25_k1-0.82_b-0.68.100_mspairs[0m 
 lossfn      softmax   |  pos_source         intersect  |  neg_source      run                                           
 sampling    query     |  pos_minrel         1          |  unjudged_rel    0                                             
 num_neg     1         |  margin             0.0                                                                         

 valid_ds             msmarco                                                                            
---------------------------------------------------------------------------------------------------------
 rankfn               [33mbm25_k1-0.82_b-0.68[0m  |  subset           [33mminidev[0m  |  ranktopk                 [33m20[0m   
 special              [02;37m[empty][0m              |  index            default  |  init_skip_train10        True 
 init_skip_train_med  True                 |  init_skip_msrun  True     |  init_skip_doctttttquery  True 

 valid_pred  reranker                                                                                
-----------------------------------------------------------------------------------------------------
 batch_size  64        |  gpu            True  |  gpu_determ  True                                   
 preload     False     |  run_threshold  0     |  measures    [33mmrr@10,ndcg@20,map@1000,p@1,p@20,rprec[0m 
 source      run                                                                                     

 test_ds   covid                                                                
--------------------------------------------------------------------------------
 rankfn    [33mbm25_k1-3.9_b-0.55[0m  |  subset       [33mf2-rnd5-quest[0m  |  ranktopk  [33m500[0m  
 date      2020-07-16          |  2020_filter  [33mTrue[0m           |  bs_field  text 
 rr_field  title_abs           |  bs_override  [33mrnd5-query[0m     |  fold      all  

 test_pred   reranker                                                                         
----------------------------------------------------------------------------------------------
 batch_size  64        |  gpu            True  |  gpu_determ  True                            
 preload     False     |  run_threshold  0     |  measures    [33mmrr@10,ndcg@20,map,p@20,ndcg@10[0m 
 source      run                                                                              

 pipeline      jesus                                                                                               
-------------------------------------------------------------------------------------------------------------------
 max_epoch     1000    |  early_stop     20     |  warmup       -1                                                 
 val_metric    [33mmrr@10[0m  |  purge_weights  True   |  test         [33mTrue[0m                                               
 initial_eval  False   |  skip_ds_init   False  |  only_cached  False                                              
 onlytest      [33mTrue[0m    |  finetune       [33mTrue[0m   |  savefile     [33mmodel_pacrr-train_cord19-train_msmarco-test_cord19[0m 
[0m
[02;37m[2020-08-19 12:17:27,348][valid_pred:reranker][DEBUG] [0m[37musing GPU (deterministic)[0m
[02;37m[2020-08-19 12:17:27,349][trainer:pairwise][INFO] [0m[32mtrain path: ../data/models/config2/pacrr_40q_2000d_ng-1-3_k-2_idf_addrun/wordvec_hash_glove_cc-42b-300d/pairwise_32x16_adam-0.001_softmax_pos-intersect-query_neg-run/msmarco_train_bm25_k1-0.82_b-0.68.100_mspairs[0m
[02;37m[2020-08-19 12:17:30,447][trainer:pairwise][INFO] [0m[32mloading prev model : ../data/models/config2/pacrr_40q_2000d_ng-1-3_k-2_idf_addrun/wordvec_hash_glove_cc-42b-300d/pairwise_32x16_adam-0.001_softmax_pos-intersect-query_neg-run/msmarco_train_bm25_k1-0.82_b-0.68.100_mspairs[0m
[02;37m[2020-08-19 12:17:30,451][pipeline:jesus][DEBUG] [0m[37m[jesus] skipping training[0m
[02;37m[2020-08-19 12:17:30,451][pipeline:jesus][DEBUG] [0m[37m[jesus] loading top context[0m
[02;37m[2020-08-19 12:17:30,451][pipeline:jesus][DEBUG] [0m[37m[jesus] Top epoch context: {'epoch': -1, 'batch_size': 16, 'batches_per_epoch': 32, 'num_microbatches': 1, 'device': device(type='cuda'), 'base_path': '../data/models/config2/pacrr_40q_2000d_ng-1-3_k-2_idf_addrun/wordvec_hash_glove_cc-42b-300d/pairwise_32x16_adam-0.001_softmax_pos-intersect-query_neg-run/msmarco_train_bm25_k1-0.82_b-0.68.100_mspairs', 'ranker': <function Trainer.iter_train.<locals>.<lambda> at 0x7f8c5b296f28>, 'ranker_path': '../data/models/config2/pacrr_40q_2000d_ng-1-3_k-2_idf_addrun/wordvec_hash_glove_cc-42b-300d/pairwise_32x16_adam-0.001_softmax_pos-intersect-query_neg-run/msmarco_train_bm25_k1-0.82_b-0.68.100_mspairs/weights/-2.p', 'optimizer': <function Trainer.iter_train.<locals>.<lambda> at 0x7f8c5b296d90>, 'optimizer_path': '../data/models/config2/pacrr_40q_2000d_ng-1-3_k-2_idf_addrun/wordvec_hash_glove_cc-42b-300d/pairwise_32x16_adam-0.001_softmax_pos-intersect-query_neg-run/msmarco_train_bm25_k1-0.82_b-0.68.100_mspairs/optimizer/-2.p'}[0m
[02;37m[2020-08-19 12:17:30,451][pipeline:jesus][INFO] [0m[32mStarting load ranker[0m
[02;37m[2020-08-19 12:17:30,452][pipeline:jesus][INFO] [0m[32mStarting test predictor run[0m
[02;37m[2020-08-19 12:17:30,452][pipeline:jesus][DEBUG] [0m[37m[starting] testing[0m
[02;37m[2020-08-19 12:17:30,452][test_pred:reranker][DEBUG] [0m[37musing GPU (deterministic)[0m
[02;37m[2020-08-19 12:17:30,454][test_ds:covid][DEBUG] [0m[37m[starting] reading bm25_k1-3.9_b-0.55:500[0m
[02;37m[2020-08-19 12:17:30,467][test_ds:covid][DEBUG] [0m[37m[finished] reading bm25_k1-3.9_b-0.55:500 [13ms][0m
[02;37m[2020-08-19 12:17:30,468][test_ds:covid][DEBUG] [0m[37m[starting] reading bm25_k1-3.9_b-0.55:500[0m
[02;37m[2020-08-19 12:17:30,498][test_ds:covid][DEBUG] [0m[37m[finished] reading bm25_k1-3.9_b-0.55:500 [30ms][0m
[02;37m[2020-08-19 12:17:30,500][onir.interfaces.java][DEBUG] [0m[37m[starting] initializing jnius[0m
[02;37m[2020-08-19 12:17:31,239][onir.interfaces.java][DEBUG] [0m[37m[finished] initializing jnius [738ms][0m
[02;37m[2020-08-19 12:17:59,460][pipeline:jesus][DEBUG] [0m[37m[finished] testing [29.01s][0m
[02;37m[2020-08-19 12:17:59,460][pipeline:jesus][INFO] [0m[32mtest run at ../data/models/config2/pacrr_40q_2000d_ng-1-3_k-2_idf_addrun/wordvec_hash_glove_cc-42b-300d/pairwise_32x16_adam-0.001_softmax_pos-intersect-query_neg-run/msmarco_train_bm25_k1-0.82_b-0.68.100_mspairs/covid_f2-rnd5-quest_bm25_k1-3.9_b-0.55.500_2020-07-16_bs-text_2020filter_bsoverride-rnd5-query_rr-title_abs/runs/-1.run[0m
[02;37m[2020-08-19 12:17:59,460][pipeline:jesus][INFO] [0m[32mtest  epoch=-1 map=0.1242 [mrr@10=0.8657] ndcg@10=0.4713 ndcg@20=0.4347 p@20=0.4528 runscore_alpha=0.2760[0m
