Better speed can be achieved with apex installed from https://www.github.com/nvidia/apex.
[02;37m[2020-08-23 17:46:35,153][vocab:wordvec_hash][DEBUG] [0m[37m[starting] reading cached at ../data/vocab/wordvec_hash/glove-cc-42b-300d.p[0m
[02;37m[2020-08-23 17:46:40,465][vocab:wordvec_hash][DEBUG] [0m[37m[finished] reading cached at ../data/vocab/wordvec_hash/glove-cc-42b-300d.p [5.31s][0m
[02;37m[2020-08-23 17:46:51,043][trainer:pairwise][DEBUG] [0m[37musing GPU (deterministic)[0m
[02;37m[2020-08-23 17:46:51,077][onir.injector][DEBUG] [0m[37mConfiguration:[0m
 vocab      wordvec_hash                                                  
--------------------------------------------------------------------------
 source     [33mglove[0m         |  variant      [33mcc-42b-300d[0m  |  train     False 
 hashspace  1000          |  init_stddev  0.5          |  log_miss  False 

 train_ds  microblog                                     
---------------------------------------------------------
 rankfn    bm25       |  subset  [33mtrain[0m  |  ranktopk  100 

 ranker  knrm                                                                                                                              
-------------------------------------------------------------------------------------------------------------------------------------------
 qlen    [33m40[0m                                                |  dlen    2000                                           |  add_runscore  [33mTrue[0m 
 mus     -0.9,-0.7,-0.5,-0.3,-0.1,0.1,0.3,0.5,0.7,0.9,1.0  |  sigmas  0.1,0.1,0.1,0.1,0.1,0.1,0.1,0.1,0.1,0.1,0.001  |  grad_kernels  True 

 trainer     pairwise                                                                                                    
-------------------------------------------------------------------------------------------------------------------------
 batch_size  16        |  batches_per_epoch  32         |  grad_acc_batch  0                                             
 optimizer   adam      |  lr                 0.001      |  gpu             True                                          
 gpu_determ  True      |  encoder_lr         0.0        |  pipeline        [33mmsmarco_train_bm25_k1-0.82_b-0.68.100_mspairs[0m 
 lossfn      softmax   |  pos_source         intersect  |  neg_source      run                                           
 sampling    query     |  pos_minrel         1          |  unjudged_rel    0                                             
 num_neg     1         |  margin             0.0                                                                         

 valid_ds  microblog                                     
---------------------------------------------------------
 rankfn    bm25       |  subset  [33mvalid[0m  |  ranktopk  100 

 valid_pred  reranker                                                                         
----------------------------------------------------------------------------------------------
 batch_size  64        |  gpu            True  |  gpu_determ  True                            
 preload     False     |  run_threshold  0     |  measures    [33mmrr@10,ndcg@20,map,p@20,ndcg@10[0m 
 source      run                                                                              

 test_ds  microblog                                    
-------------------------------------------------------
 rankfn   bm25       |  subset  [33mtest[0m  |  ranktopk  100 

 test_pred   reranker                                                                         
----------------------------------------------------------------------------------------------
 batch_size  64        |  gpu            True  |  gpu_determ  True                            
 preload     False     |  run_threshold  0     |  measures    [33mmrr@10,ndcg@20,map,p@20,ndcg@10[0m 
 source      run                                                                              

 pipeline      jesus                                                  
----------------------------------------------------------------------
 max_epoch     1000    |  early_stop     20     |  warmup       -1    
 val_metric    [33mmrr@10[0m  |  purge_weights  True   |  test         False 
 initial_eval  False   |  skip_ds_init   False  |  only_cached  False 
 onlytest      False   |  finetune       [33mTrue[0m   |  savefile     _     
[0m
[02;37m[2020-08-23 17:46:51,078][valid_pred:reranker][DEBUG] [0m[37musing GPU (deterministic)[0m
Starting to process general files
Starting to process general files
[02;37m[2020-08-23 17:46:51,079][trainer:pairwise][INFO] [0m[32mtrain path: ../data/models/config3/knrm_40q_2000d_addrun/wordvec_hash_glove_cc-42b-300d/pairwise_32x16_adam-0.001_softmax_pos-intersect-query_neg-run/microblog_train_bm25.100[0m
[02;37m[2020-08-23 17:46:54,083][trainer:pairwise][INFO] [0m[32mloading prev model : ../data/models/config3/knrm_40q_2000d_addrun/wordvec_hash_glove_cc-42b-300d/pairwise_32x16_adam-0.001_softmax_pos-intersect-query_neg-run/msmarco_train_bm25_k1-0.82_b-0.68.100_mspairs[0m
Reading qrels train.qrels.txt
[02;37m[2020-08-23 17:46:54,245][train_ds:microblog][DEBUG] [0m[37m[starting] loading bm25:100 from larger batch bm25:1000[0m
[02;37m[2020-08-23 17:46:54,420][train_ds:microblog][DEBUG] [0m[37m[finished] loading bm25:100 from larger batch bm25:1000 [175ms][0m
[02;37m[2020-08-23 17:46:54,518][onir.interfaces.java][DEBUG] [0m[37m[starting] initializing jnius[0m
[02;37m[2020-08-23 17:46:55,298][onir.interfaces.java][DEBUG] [0m[37m[finished] initializing jnius [780ms][0m
[02;37m[2020-08-23 17:47:00,081][pipeline:jesus][DEBUG] [0m[37m[train] epoch=0 loss=0.3614 acc=0.6523 unsup_acc=0.6172 delta_acc=0.0352[0m
Knrm(
  (encoder): WordvecEncoder(
    (embed): Embedding(1918495, 300)
  )
  (simmat): InteractionMatrix()
  (kernels): RbfKernelBank()
  (combine): Linear(in_features=11, out_features=1, bias=True)
) <generator object Reranker._reload_batches at 0x7f0dc4689db0>
[02;37m[2020-08-23 17:47:00,087][valid_ds:microblog][DEBUG] [0m[37m[starting] loading bm25:100 from larger batch bm25:1000[0m
[02;37m[2020-08-23 17:47:00,242][valid_ds:microblog][DEBUG] [0m[37m[finished] loading bm25:100 from larger batch bm25:1000 [157ms][0m
[02;37m[2020-08-23 17:47:00,246][valid_ds:microblog][DEBUG] [0m[37m[starting] loading bm25:100 from larger batch bm25:1000[0m
[02;37m[2020-08-23 17:47:00,461][valid_ds:microblog][DEBUG] [0m[37m[finished] loading bm25:100 from larger batch bm25:1000 [214ms][0m
Reading qrels valid.qrels.txt
[02;37m[2020-08-23 17:47:26,147][pipeline:jesus][INFO] [0m[32m[valid] epoch=0 map=0.0502 [mrr@10=1.0000] ndcg@10=0.2551 ndcg@20=0.2202 p@20=0.2643 runscore_alpha=0.2160 <---[0m
[02;37m[2020-08-23 17:47:28,853][pipeline:jesus][DEBUG] [0m[37m[train] epoch=1 loss=0.3874 acc=0.6328 unsup_acc=0.6230 delta_acc=0.0098[0m
Knrm(
  (encoder): WordvecEncoder(
    (embed): Embedding(1918495, 300)
  )
  (simmat): InteractionMatrix()
  (kernels): RbfKernelBank()
  (combine): Linear(in_features=11, out_features=1, bias=True)
) <generator object Reranker._reload_batches at 0x7f0dc4689db0>
[02;37m[2020-08-23 17:47:42,119][pipeline:jesus][INFO] [0m[32m[valid] epoch=1 map=0.0507 [mrr@10=1.0000] ndcg@10=0.2448 ndcg@20=0.2167 p@20=0.2571 runscore_alpha=0.2155[0m
[02;37m[2020-08-23 17:47:44,833][pipeline:jesus][DEBUG] [0m[37m[train] epoch=2 loss=0.3758 acc=0.6270 unsup_acc=0.6113 delta_acc=0.0156[0m
Knrm(
  (encoder): WordvecEncoder(
    (embed): Embedding(1918495, 300)
  )
  (simmat): InteractionMatrix()
  (kernels): RbfKernelBank()
  (combine): Linear(in_features=11, out_features=1, bias=True)
) <generator object Reranker._reload_batches at 0x7f0dc4689db0>
[02;37m[2020-08-23 17:47:58,310][pipeline:jesus][INFO] [0m[32m[valid] epoch=2 map=0.0506 [mrr@10=0.9286] ndcg@10=0.2410 ndcg@20=0.2277 p@20=0.2786 runscore_alpha=0.2154[0m
[02;37m[2020-08-23 17:48:00,826][pipeline:jesus][DEBUG] [0m[37m[train] epoch=3 loss=0.3726 acc=0.6484 unsup_acc=0.6172 delta_acc=0.0312[0m
Knrm(
  (encoder): WordvecEncoder(
    (embed): Embedding(1918495, 300)
  )
  (simmat): InteractionMatrix()
  (kernels): RbfKernelBank()
  (combine): Linear(in_features=11, out_features=1, bias=True)
) <generator object Reranker._reload_batches at 0x7f0dc4689db0>
[02;37m[2020-08-23 17:48:14,241][pipeline:jesus][INFO] [0m[32m[valid] epoch=3 map=0.0522 [mrr@10=0.9286] ndcg@10=0.2442 ndcg@20=0.2303 p@20=0.2786 runscore_alpha=0.2155[0m
[02;37m[2020-08-23 17:48:16,693][pipeline:jesus][DEBUG] [0m[37m[train] epoch=4 loss=0.3530 acc=0.6855 unsup_acc=0.6504 delta_acc=0.0352[0m
Knrm(
  (encoder): WordvecEncoder(
    (embed): Embedding(1918495, 300)
  )
  (simmat): InteractionMatrix()
  (kernels): RbfKernelBank()
  (combine): Linear(in_features=11, out_features=1, bias=True)
) <generator object Reranker._reload_batches at 0x7f0dc4689db0>
[02;37m[2020-08-23 17:48:29,691][pipeline:jesus][INFO] [0m[32m[valid] epoch=4 map=0.0531 [mrr@10=1.0000] ndcg@10=0.2471 ndcg@20=0.2344 p@20=0.2786 runscore_alpha=0.2154[0m
[02;37m[2020-08-23 17:48:31,998][pipeline:jesus][DEBUG] [0m[37m[train] epoch=5 loss=0.3765 acc=0.6328 unsup_acc=0.5820 delta_acc=0.0508[0m
Knrm(
  (encoder): WordvecEncoder(
    (embed): Embedding(1918495, 300)
  )
  (simmat): InteractionMatrix()
  (kernels): RbfKernelBank()
  (combine): Linear(in_features=11, out_features=1, bias=True)
) <generator object Reranker._reload_batches at 0x7f0dc4689db0>
[02;37m[2020-08-23 17:48:45,147][pipeline:jesus][INFO] [0m[32m[valid] epoch=5 map=0.0532 [mrr@10=1.0000] ndcg@10=0.2468 ndcg@20=0.2306 p@20=0.2714 runscore_alpha=0.2157[0m
[02;37m[2020-08-23 17:48:47,456][pipeline:jesus][DEBUG] [0m[37m[train] epoch=6 loss=0.3831 acc=0.6270 unsup_acc=0.6016 delta_acc=0.0254[0m
Knrm(
  (encoder): WordvecEncoder(
    (embed): Embedding(1918495, 300)
  )
  (simmat): InteractionMatrix()
  (kernels): RbfKernelBank()
  (combine): Linear(in_features=11, out_features=1, bias=True)
) <generator object Reranker._reload_batches at 0x7f0dc4689db0>
[02;37m[2020-08-23 17:49:00,309][pipeline:jesus][INFO] [0m[32m[valid] epoch=6 map=0.0526 [mrr@10=0.9286] ndcg@10=0.2402 ndcg@20=0.2263 p@20=0.2714 runscore_alpha=0.2163[0m
[02;37m[2020-08-23 17:49:02,708][pipeline:jesus][DEBUG] [0m[37m[train] epoch=7 loss=0.3645 acc=0.6738 unsup_acc=0.6191 delta_acc=0.0547[0m
Knrm(
  (encoder): WordvecEncoder(
    (embed): Embedding(1918495, 300)
  )
  (simmat): InteractionMatrix()
  (kernels): RbfKernelBank()
  (combine): Linear(in_features=11, out_features=1, bias=True)
) <generator object Reranker._reload_batches at 0x7f0dc4689db0>
[02;37m[2020-08-23 17:49:15,894][pipeline:jesus][INFO] [0m[32m[valid] epoch=7 map=0.0525 [mrr@10=0.9286] ndcg@10=0.2452 ndcg@20=0.2280 p@20=0.2714 runscore_alpha=0.2170[0m
[02;37m[2020-08-23 17:49:18,161][pipeline:jesus][DEBUG] [0m[37m[train] epoch=8 loss=0.3884 acc=0.6211 unsup_acc=0.5820 delta_acc=0.0391[0m
Knrm(
  (encoder): WordvecEncoder(
    (embed): Embedding(1918495, 300)
  )
  (simmat): InteractionMatrix()
  (kernels): RbfKernelBank()
  (combine): Linear(in_features=11, out_features=1, bias=True)
) <generator object Reranker._reload_batches at 0x7f0dc4689db0>
[02;37m[2020-08-23 17:49:30,938][pipeline:jesus][INFO] [0m[32m[valid] epoch=8 map=0.0523 [mrr@10=1.0000] ndcg@10=0.2393 ndcg@20=0.2187 p@20=0.2643 runscore_alpha=0.2184[0m
[02;37m[2020-08-23 17:49:33,443][pipeline:jesus][DEBUG] [0m[37m[train] epoch=9 loss=0.3830 acc=0.6328 unsup_acc=0.6074 delta_acc=0.0254[0m
Knrm(
  (encoder): WordvecEncoder(
    (embed): Embedding(1918495, 300)
  )
  (simmat): InteractionMatrix()
  (kernels): RbfKernelBank()
  (combine): Linear(in_features=11, out_features=1, bias=True)
) <generator object Reranker._reload_batches at 0x7f0dc4689db0>
[02;37m[2020-08-23 17:49:46,781][pipeline:jesus][INFO] [0m[32m[valid] epoch=9 map=0.0489 [mrr@10=1.0000] ndcg@10=0.2553 ndcg@20=0.2246 p@20=0.2714 runscore_alpha=0.2189[0m
[02;37m[2020-08-23 17:49:49,012][pipeline:jesus][DEBUG] [0m[37m[train] epoch=10 loss=0.3596 acc=0.6387 unsup_acc=0.6172 delta_acc=0.0215[0m
Knrm(
  (encoder): WordvecEncoder(
    (embed): Embedding(1918495, 300)
  )
  (simmat): InteractionMatrix()
  (kernels): RbfKernelBank()
  (combine): Linear(in_features=11, out_features=1, bias=True)
) <generator object Reranker._reload_batches at 0x7f0dc4689db0>
[02;37m[2020-08-23 17:50:02,643][pipeline:jesus][INFO] [0m[32m[valid] epoch=10 map=0.0508 [mrr@10=1.0000] ndcg@10=0.2411 ndcg@20=0.2162 p@20=0.2643 runscore_alpha=0.2189[0m
[02;37m[2020-08-23 17:50:04,927][pipeline:jesus][DEBUG] [0m[37m[train] epoch=11 loss=0.3736 acc=0.6348 unsup_acc=0.6016 delta_acc=0.0332[0m
Knrm(
  (encoder): WordvecEncoder(
    (embed): Embedding(1918495, 300)
  )
  (simmat): InteractionMatrix()
  (kernels): RbfKernelBank()
  (combine): Linear(in_features=11, out_features=1, bias=True)
) <generator object Reranker._reload_batches at 0x7f0dc4689db0>
[02;37m[2020-08-23 17:50:17,281][pipeline:jesus][INFO] [0m[32m[valid] epoch=11 map=0.0525 [mrr@10=1.0000] ndcg@10=0.2400 ndcg@20=0.2192 p@20=0.2643 runscore_alpha=0.2206[0m
[02;37m[2020-08-23 17:50:19,528][pipeline:jesus][DEBUG] [0m[37m[train] epoch=12 loss=0.3849 acc=0.6289 unsup_acc=0.6035 delta_acc=0.0254[0m
Knrm(
  (encoder): WordvecEncoder(
    (embed): Embedding(1918495, 300)
  )
  (simmat): InteractionMatrix()
  (kernels): RbfKernelBank()
  (combine): Linear(in_features=11, out_features=1, bias=True)
) <generator object Reranker._reload_batches at 0x7f0dc4689db0>
[02;37m[2020-08-23 17:50:32,256][pipeline:jesus][INFO] [0m[32m[valid] epoch=12 map=0.0495 [mrr@10=1.0000] ndcg@10=0.2498 ndcg@20=0.2231 p@20=0.2714 runscore_alpha=0.2221[0m
[02;37m[2020-08-23 17:50:34,529][pipeline:jesus][DEBUG] [0m[37m[train] epoch=13 loss=0.3820 acc=0.6270 unsup_acc=0.6152 delta_acc=0.0117[0m
Knrm(
  (encoder): WordvecEncoder(
    (embed): Embedding(1918495, 300)
  )
  (simmat): InteractionMatrix()
  (kernels): RbfKernelBank()
  (combine): Linear(in_features=11, out_features=1, bias=True)
) <generator object Reranker._reload_batches at 0x7f0dc4689db0>
[02;37m[2020-08-23 17:50:47,529][pipeline:jesus][INFO] [0m[32m[valid] epoch=13 map=0.0512 [mrr@10=1.0000] ndcg@10=0.2522 ndcg@20=0.2245 p@20=0.2714 runscore_alpha=0.2237[0m
[02;37m[2020-08-23 17:50:49,653][pipeline:jesus][DEBUG] [0m[37m[train] epoch=14 loss=0.3601 acc=0.6465 unsup_acc=0.6309 delta_acc=0.0156[0m
Knrm(
  (encoder): WordvecEncoder(
    (embed): Embedding(1918495, 300)
  )
  (simmat): InteractionMatrix()
  (kernels): RbfKernelBank()
  (combine): Linear(in_features=11, out_features=1, bias=True)
) <generator object Reranker._reload_batches at 0x7f0dc4689db0>
[02;37m[2020-08-23 17:51:02,477][pipeline:jesus][INFO] [0m[32m[valid] epoch=14 map=0.0512 [mrr@10=1.0000] ndcg@10=0.2567 ndcg@20=0.2246 p@20=0.2714 runscore_alpha=0.2239[0m
[02;37m[2020-08-23 17:51:04,512][pipeline:jesus][DEBUG] [0m[37m[train] epoch=15 loss=0.4016 acc=0.5938 unsup_acc=0.5703 delta_acc=0.0234[0m
Knrm(
  (encoder): WordvecEncoder(
    (embed): Embedding(1918495, 300)
  )
  (simmat): InteractionMatrix()
  (kernels): RbfKernelBank()
  (combine): Linear(in_features=11, out_features=1, bias=True)
) <generator object Reranker._reload_batches at 0x7f0dc4689db0>
[02;37m[2020-08-23 17:51:17,601][pipeline:jesus][INFO] [0m[32m[valid] epoch=15 map=0.0540 [mrr@10=1.0000] ndcg@10=0.2682 ndcg@20=0.2329 p@20=0.2714 runscore_alpha=0.2243[0m
[02;37m[2020-08-23 17:51:19,839][pipeline:jesus][DEBUG] [0m[37m[train] epoch=16 loss=0.3857 acc=0.6230 unsup_acc=0.5879 delta_acc=0.0352[0m
Knrm(
  (encoder): WordvecEncoder(
    (embed): Embedding(1918495, 300)
  )
  (simmat): InteractionMatrix()
  (kernels): RbfKernelBank()
  (combine): Linear(in_features=11, out_features=1, bias=True)
) <generator object Reranker._reload_batches at 0x7f0dc4689db0>
[02;37m[2020-08-23 17:51:33,055][pipeline:jesus][INFO] [0m[32m[valid] epoch=16 map=0.0543 [mrr@10=1.0000] ndcg@10=0.2693 ndcg@20=0.2334 p@20=0.2714 runscore_alpha=0.2258[0m
[02;37m[2020-08-23 17:51:35,341][pipeline:jesus][DEBUG] [0m[37m[train] epoch=17 loss=0.3564 acc=0.6719 unsup_acc=0.6230 delta_acc=0.0488[0m
Knrm(
  (encoder): WordvecEncoder(
    (embed): Embedding(1918495, 300)
  )
  (simmat): InteractionMatrix()
  (kernels): RbfKernelBank()
  (combine): Linear(in_features=11, out_features=1, bias=True)
) <generator object Reranker._reload_batches at 0x7f0dc4689db0>
[02;37m[2020-08-23 17:51:48,777][pipeline:jesus][INFO] [0m[32m[valid] epoch=17 map=0.0546 [mrr@10=1.0000] ndcg@10=0.2800 ndcg@20=0.2354 p@20=0.2714 runscore_alpha=0.2284[0m
[02;37m[2020-08-23 17:51:50,926][pipeline:jesus][DEBUG] [0m[37m[train] epoch=18 loss=0.3756 acc=0.6445 unsup_acc=0.6113 delta_acc=0.0332[0m
Knrm(
  (encoder): WordvecEncoder(
    (embed): Embedding(1918495, 300)
  )
  (simmat): InteractionMatrix()
  (kernels): RbfKernelBank()
  (combine): Linear(in_features=11, out_features=1, bias=True)
) <generator object Reranker._reload_batches at 0x7f0dc4689db0>
[02;37m[2020-08-23 17:52:04,379][pipeline:jesus][INFO] [0m[32m[valid] epoch=18 map=0.0542 [mrr@10=1.0000] ndcg@10=0.2628 ndcg@20=0.2299 p@20=0.2714 runscore_alpha=0.2295[0m
[02;37m[2020-08-23 17:52:06,504][pipeline:jesus][DEBUG] [0m[37m[train] epoch=19 loss=0.3667 acc=0.6719 unsup_acc=0.6172 delta_acc=0.0547[0m
Knrm(
  (encoder): WordvecEncoder(
    (embed): Embedding(1918495, 300)
  )
  (simmat): InteractionMatrix()
  (kernels): RbfKernelBank()
  (combine): Linear(in_features=11, out_features=1, bias=True)
) <generator object Reranker._reload_batches at 0x7f0dc4689db0>
[02;37m[2020-08-23 17:52:19,864][pipeline:jesus][INFO] [0m[32m[valid] epoch=19 map=0.0534 [mrr@10=1.0000] ndcg@10=0.2673 ndcg@20=0.2319 p@20=0.2786 runscore_alpha=0.2310[0m
[02;37m[2020-08-23 17:52:22,005][pipeline:jesus][DEBUG] [0m[37m[train] epoch=20 loss=0.3668 acc=0.6543 unsup_acc=0.5977 delta_acc=0.0566[0m
Knrm(
  (encoder): WordvecEncoder(
    (embed): Embedding(1918495, 300)
  )
  (simmat): InteractionMatrix()
  (kernels): RbfKernelBank()
  (combine): Linear(in_features=11, out_features=1, bias=True)
) <generator object Reranker._reload_batches at 0x7f0dc4689db0>
[02;37m[2020-08-23 17:52:34,703][pipeline:jesus][INFO] [0m[32m[valid] epoch=20 map=0.0541 [mrr@10=1.0000] ndcg@10=0.2734 ndcg@20=0.2308 p@20=0.2714 runscore_alpha=0.2328[0m
[02;37m[2020-08-23 17:52:34,704][pipeline:jesus][WARNING] [0m[33mstopping after epoch 20 (20 epochs with no improvement to mrr@10)[0m
[02;37m[2020-08-23 17:52:34,704][pipeline:jesus][INFO] [0m[32mtop validation epoch=0 mrr@10=1.0[0m
[02;37m[2020-08-23 17:52:34,704][pipeline:jesus][INFO] [0m[32m[jesus: top_train_ctxt] {'epoch': 0, 'batch_size': 16, 'batches_per_epoch': 32, 'num_microbatches': 1, 'device': device(type='cuda'), 'base_path': '../data/models/config3/knrm_40q_2000d_addrun/wordvec_hash_glove_cc-42b-300d/pairwise_32x16_adam-0.001_softmax_pos-intersect-query_neg-run/microblog_train_bm25.100', 'ranker': <function Trainer.iter_train.<locals>.<lambda> at 0x7f0db81a5ae8>, 'ranker_path': '../data/models/config3/knrm_40q_2000d_addrun/wordvec_hash_glove_cc-42b-300d/pairwise_32x16_adam-0.001_softmax_pos-intersect-query_neg-run/microblog_train_bm25.100/weights/0.p', 'optimizer': <function Trainer.iter_train.<locals>.<lambda> at 0x7f0db81a5b70>, 'optimizer_path': '../data/models/config3/knrm_40q_2000d_addrun/wordvec_hash_glove_cc-42b-300d/pairwise_32x16_adam-0.001_softmax_pos-intersect-query_neg-run/microblog_train_bm25.100/optimizer/0.p', 'loss': 0.36141200875863433, 'losses': {'data': 0.36141200875863433}, 'acc': 0.65234375, 'unsup_acc': 0.6171875, 'cached': False}[0m
[02;37m[2020-08-23 17:52:34,705][pipeline:jesus][INFO] [0m[32mvalid run at ../data/models/config3/knrm_40q_2000d_addrun/wordvec_hash_glove_cc-42b-300d/pairwise_32x16_adam-0.001_softmax_pos-intersect-query_neg-run/microblog_train_bm25.100/microblog_valid_bm25.100/runs/20.run[0m
[02;37m[2020-08-23 17:52:34,705][pipeline:jesus][INFO] [0m[32mvalid epoch=0 map=0.0502 [mrr@10=1.0000] ndcg@10=0.2551 ndcg@20=0.2202 p@20=0.2643 runscore_alpha=0.2160[0m
