Better speed can be achieved with apex installed from https://www.github.com/nvidia/apex.
[02;37m[2020-08-18 18:13:37,764][vocab:wordvec_hash][DEBUG] [0m[37m[starting] reading cached at ../data/vocab/wordvec_hash/glove-cc-42b-300d.p[0m
[02;37m[2020-08-18 18:13:42,787][vocab:wordvec_hash][DEBUG] [0m[37m[finished] reading cached at ../data/vocab/wordvec_hash/glove-cc-42b-300d.p [5.02s][0m
[02;37m[2020-08-18 18:13:56,258][trainer:pairwise][DEBUG] [0m[37musing GPU (deterministic)[0m
[02;37m[2020-08-18 18:13:56,264][onir.config][WARNING] [0m[33munknown bm25 arg k1-0.82[0m
[02;37m[2020-08-18 18:13:56,265][onir.config][WARNING] [0m[33munknown bm25 arg b-0.68[0m
[02;37m[2020-08-18 18:13:56,265][onir.config][WARNING] [0m[33mArgument test_ds.2020_filter=True set but no matching setting in <class 'onir.datasets.msmarco.MsmarcoDataset'>[0m
[02;37m[2020-08-18 18:13:56,265][onir.config][WARNING] [0m[33mArgument test_ds.rr_field=title_abs set but no matching setting in <class 'onir.datasets.msmarco.MsmarcoDataset'>[0m
[02;37m[2020-08-18 18:13:56,265][onir.config][WARNING] [0m[33mArgument test_ds.bs_field=text set but no matching setting in <class 'onir.datasets.msmarco.MsmarcoDataset'>[0m
[02;37m[2020-08-18 18:13:56,265][onir.config][WARNING] [0m[33mArgument test_ds.bs_override=rnd5-query set but no matching setting in <class 'onir.datasets.msmarco.MsmarcoDataset'>[0m
[02;37m[2020-08-18 18:13:56,270][onir.injector][DEBUG] [0m[37mConfiguration:[0m
 vocab      wordvec_hash                                                  
--------------------------------------------------------------------------
 source     [33mglove[0m         |  variant      [33mcc-42b-300d[0m  |  train     False 
 hashspace  1000          |  init_stddev  0.5          |  log_miss  False 

 train_ds  covid                                                                  
----------------------------------------------------------------------------------
 rankfn    [33mbm25_k1-3.9_b-0.55[0m  |  subset       [33mtrf2-rnd5-quest[0m  |  ranktopk  1000 
 date      2020-07-16          |  2020_filter  [33mTrue[0m             |  bs_field  text 
 rr_field  title_abs           |  bs_override  [33mrnd5-query[0m       |  fold      all  

 ranker   pacrr                                             
------------------------------------------------------------
 qlen     [33m40[0m       |  dlen     2000  |  add_runscore  [33mTrue[0m  
 mingram  1        |  maxgram  3     |  nfilters      32    
 idf      True     |  kmax     2     |  shuf          False 
 combine  dense32                                           

 trainer     pairwise                                                                                                                                                                     
------------------------------------------------------------------------------------------------------------------------------------------------------------------------------------------
 batch_size  16        |  batches_per_epoch  32         |  grad_acc_batch  0                                                                                                              
 optimizer   adam      |  lr                 0.001      |  gpu             True                                                                                                           
 gpu_determ  True      |  encoder_lr         0.0        |  pipeline        [33mcovid_trf2-rnd5-quest_bm25_k1-3.9_b-0.55.1000_2020-07-16_bs-text_2020filter_bsoverride-rnd5-query_rr-title_abs[0m 
 lossfn      softmax   |  pos_source         intersect  |  neg_source      run                                                                                                            
 sampling    query     |  pos_minrel         1          |  unjudged_rel    0                                                                                                              
 num_neg     1         |  margin             0.0                                                                                                                                          

 valid_ds  covid                                                                  
----------------------------------------------------------------------------------
 rankfn    [33mbm25_k1-3.9_b-0.55[0m  |  subset       [33mvaf2-rnd5-quest[0m  |  ranktopk  [33m20[0m   
 date      2020-07-16          |  2020_filter  [33mTrue[0m             |  bs_field  text 
 rr_field  title_abs           |  bs_override  [33mrnd5-query[0m       |  fold      all  

 valid_pred  reranker                                                                         
----------------------------------------------------------------------------------------------
 batch_size  64        |  gpu            True  |  gpu_determ  True                            
 preload     False     |  run_threshold  0     |  measures    [33mmrr@10,ndcg@20,map,p@20,ndcg@10[0m 
 source      run                                                                              

 test_ds              msmarco                                                                              
-----------------------------------------------------------------------------------------------------------
 rankfn               [33mbm25_k1-0.82_b-0.68[0m  |  subset           [33mjudgeddev[0m  |  ranktopk                 100  
 special              [02;37m[empty][0m              |  index            default    |  init_skip_train10        True 
 init_skip_train_med  True                 |  init_skip_msrun  True       |  init_skip_doctttttquery  True 

 test_pred   reranker                                                                                
-----------------------------------------------------------------------------------------------------
 batch_size  64        |  gpu            True  |  gpu_determ  True                                   
 preload     False     |  run_threshold  0     |  measures    [33mmrr@10,ndcg@20,map@1000,p@1,p@20,rprec[0m 
 source      run                                                                                     

 pipeline      jesus                                                                                                
--------------------------------------------------------------------------------------------------------------------
 max_epoch     1000    |  early_stop     20     |  warmup       -1                                                  
 val_metric    [33mmrr@10[0m  |  purge_weights  True   |  test         [33mTrue[0m                                                
 initial_eval  False   |  skip_ds_init   False  |  only_cached  False                                               
 onlytest      [33mTrue[0m    |  finetune       [33mTrue[0m   |  savefile     [33mmodel_pacrr-train_msmarco-train_cord19-test_msmarco[0m 
[0m
[02;37m[2020-08-18 18:13:56,270][valid_pred:reranker][DEBUG] [0m[37musing GPU (deterministic)[0m
[02;37m[2020-08-18 18:13:56,272][trainer:pairwise][INFO] [0m[32mtrain path: ../data/models/config1/pacrr_40q_2000d_ng-1-3_k-2_idf_addrun/wordvec_hash_glove_cc-42b-300d/pairwise_32x16_adam-0.001_softmax_pos-intersect-query_neg-run/covid_trf2-rnd5-quest_bm25_k1-3.9_b-0.55.1000_2020-07-16_bs-text_2020filter_bsoverride-rnd5-query_rr-title_abs[0m
[02;37m[2020-08-18 18:13:59,430][trainer:pairwise][INFO] [0m[32mloading prev model : ../data/models/config1/pacrr_40q_2000d_ng-1-3_k-2_idf_addrun/wordvec_hash_glove_cc-42b-300d/pairwise_32x16_adam-0.001_softmax_pos-intersect-query_neg-run/covid_trf2-rnd5-quest_bm25_k1-3.9_b-0.55.1000_2020-07-16_bs-text_2020filter_bsoverride-rnd5-query_rr-title_abs[0m
[02;37m[2020-08-18 18:13:59,434][pipeline:jesus][DEBUG] [0m[37m[jesus] skipping training[0m
[02;37m[2020-08-18 18:13:59,434][pipeline:jesus][DEBUG] [0m[37m[jesus] loading top context[0m
[02;37m[2020-08-18 18:13:59,434][pipeline:jesus][DEBUG] [0m[37m[jesus] Top epoch context: {'epoch': -1, 'batch_size': 16, 'batches_per_epoch': 32, 'num_microbatches': 1, 'device': device(type='cuda'), 'base_path': '../data/models/config1/pacrr_40q_2000d_ng-1-3_k-2_idf_addrun/wordvec_hash_glove_cc-42b-300d/pairwise_32x16_adam-0.001_softmax_pos-intersect-query_neg-run/covid_trf2-rnd5-quest_bm25_k1-3.9_b-0.55.1000_2020-07-16_bs-text_2020filter_bsoverride-rnd5-query_rr-title_abs', 'ranker': <function Trainer.iter_train.<locals>.<lambda> at 0x7f8a49e45f28>, 'ranker_path': '../data/models/config1/pacrr_40q_2000d_ng-1-3_k-2_idf_addrun/wordvec_hash_glove_cc-42b-300d/pairwise_32x16_adam-0.001_softmax_pos-intersect-query_neg-run/covid_trf2-rnd5-quest_bm25_k1-3.9_b-0.55.1000_2020-07-16_bs-text_2020filter_bsoverride-rnd5-query_rr-title_abs/weights/-2.p', 'optimizer': <function Trainer.iter_train.<locals>.<lambda> at 0x7f8a49e45d08>, 'optimizer_path': '../data/models/config1/pacrr_40q_2000d_ng-1-3_k-2_idf_addrun/wordvec_hash_glove_cc-42b-300d/pairwise_32x16_adam-0.001_softmax_pos-intersect-query_neg-run/covid_trf2-rnd5-quest_bm25_k1-3.9_b-0.55.1000_2020-07-16_bs-text_2020filter_bsoverride-rnd5-query_rr-title_abs/optimizer/-2.p'}[0m
[02;37m[2020-08-18 18:13:59,434][pipeline:jesus][INFO] [0m[32mStarting load ranker[0m
[02;37m[2020-08-18 18:13:59,435][pipeline:jesus][INFO] [0m[32mStarting test predictor run[0m
[02;37m[2020-08-18 18:13:59,435][pipeline:jesus][DEBUG] [0m[37m[starting] testing[0m
[02;37m[2020-08-18 18:13:59,435][test_pred:reranker][DEBUG] [0m[37musing GPU (deterministic)[0m
[02;37m[2020-08-18 18:13:59,437][test_ds:msmarco][DEBUG] [0m[37m[starting] loading bm25_k1-0.82_b-0.68:100 from larger batch bm25_k1-0.82_b-0.68:1000[0m
[02;37m[2020-08-18 18:15:08,957][test_ds:msmarco][DEBUG] [0m[37m[finished] loading bm25_k1-0.82_b-0.68:100 from larger batch bm25_k1-0.82_b-0.68:1000 [01:10][0m
[02;37m[2020-08-18 18:15:08,967][test_ds:msmarco][DEBUG] [0m[37m[starting] loading bm25_k1-0.82_b-0.68:100 from larger batch bm25_k1-0.82_b-0.68:1000[0m
[02;37m[2020-08-18 18:16:33,771][test_ds:msmarco][DEBUG] [0m[37m[finished] loading bm25_k1-0.82_b-0.68:100 from larger batch bm25_k1-0.82_b-0.68:1000 [01:25][0m
[02;37m[2020-08-18 18:16:33,941][test_ds:msmarco][DEBUG] [0m[37m[starting] loading queries[0m
[02;37m[2020-08-18 18:16:34,012][test_ds:msmarco][DEBUG] [0m[37m[finished] loading queries: [70ms] [55578it] [793915.40it/s][0m
[02;37m[2020-08-18 18:16:34,013][onir.interfaces.java][DEBUG] [0m[37m[starting] initializing jnius[0m
[02;37m[2020-08-18 18:16:34,903][onir.interfaces.java][DEBUG] [0m[37m[finished] initializing jnius [891ms][0m
[02;37m[2020-08-18 21:02:07,181][test_ds:msmarco][DEBUG] [0m[37m[starting] loading qrels[0m
[02;37m[2020-08-18 21:02:07,258][test_ds:msmarco][DEBUG] [0m[37m[finished] loading qrels [77ms][0m
[02;37m[2020-08-18 21:02:20,852][pipeline:jesus][DEBUG] [0m[37m[finished] testing [2:48:21][0m
[02;37m[2020-08-18 21:02:20,852][pipeline:jesus][INFO] [0m[32mtest run at ../data/models/config1/pacrr_40q_2000d_ng-1-3_k-2_idf_addrun/wordvec_hash_glove_cc-42b-300d/pairwise_32x16_adam-0.001_softmax_pos-intersect-query_neg-run/covid_trf2-rnd5-quest_bm25_k1-3.9_b-0.55.1000_2020-07-16_bs-text_2020filter_bsoverride-rnd5-query_rr-title_abs/msmarco_judgeddev_bm25_k1-0.82_b-0.68.100/runs/-1.run[0m
[02;37m[2020-08-18 21:02:20,852][pipeline:jesus][INFO] [0m[32mtest  epoch=-1 map@1000=0.2036 [mrr@10=0.1966] ndcg@20=0.2635 p@1=0.1155 p@20=0.0250 rprec=0.1149 runscore_alpha=0.2574[0m
