Better speed can be achieved with apex installed from https://www.github.com/nvidia/apex.
[02;37m[2020-08-20 09:20:06,802][onir.config][WARNING] [0m[33mArgument vocab.source=glove set but no matching setting in <class 'onir.vocab.bert_vocab.BertVocab'>[0m
[02;37m[2020-08-20 09:20:06,803][onir.config][WARNING] [0m[33mArgument vocab.variant=cc-42b-300d set but no matching setting in <class 'onir.vocab.bert_vocab.BertVocab'>[0m
[02;37m[2020-08-20 09:20:12,993][trainer:pairwise][DEBUG] [0m[37musing GPU (deterministic)[0m
[02;37m[2020-08-20 09:20:12,999][onir.injector][DEBUG] [0m[37mConfiguration:[0m
 vocab       bert                                                            
-----------------------------------------------------------------------------
 bert_base   bert-base-uncased  |  bert_weights  [02;37m[empty][0m  |  layer     -1    
 last_layer  False              |  train         [33mTrue[0m     |  encoding  joint 

 train_ds  covid                                                                  
----------------------------------------------------------------------------------
 rankfn    [33mbm25_k1-3.9_b-0.55[0m  |  subset       [33mtrf2-rnd5-quest[0m  |  ranktopk  1000 
 date      2020-07-16          |  2020_filter  [33mTrue[0m             |  bs_field  text 
 rr_field  title_abs           |  bs_override  [33mrnd5-query[0m       |  fold      all  

 ranker   vanilla_transformer                                          
-----------------------------------------------------------------------
 qlen     [33m40[0m                   |  dlen     2000  |  add_runscore  [33mTrue[0m 
 combine  linear               |  outputs  1                           

 trainer     pairwise                                                                                                    
-------------------------------------------------------------------------------------------------------------------------
 batch_size  16        |  batches_per_epoch  32         |  grad_acc_batch  [33m1[0m                                             
 optimizer   adam      |  lr                 0.001      |  gpu             True                                          
 gpu_determ  True      |  encoder_lr         [33m2e-05[0m      |  pipeline        [33mmsmarco_train_bm25_k1-0.82_b-0.68.100_mspairs[0m 
 lossfn      softmax   |  pos_source         intersect  |  neg_source      run                                           
 sampling    query     |  pos_minrel         1          |  unjudged_rel    0                                             
 num_neg     1         |  margin             0.0                                                                         

 valid_ds  covid                                                                  
----------------------------------------------------------------------------------
 rankfn    [33mbm25_k1-3.9_b-0.55[0m  |  subset       [33mvaf2-rnd5-quest[0m  |  ranktopk  [33m20[0m   
 date      2020-07-16          |  2020_filter  [33mTrue[0m             |  bs_field  text 
 rr_field  title_abs           |  bs_override  [33mrnd5-query[0m       |  fold      all  

 valid_pred  reranker                                                                         
----------------------------------------------------------------------------------------------
 batch_size  [33m4[0m         |  gpu            True  |  gpu_determ  True                            
 preload     False     |  run_threshold  0     |  measures    [33mmrr@10,ndcg@20,map,p@20,ndcg@10[0m 
 source      run                                                                              

 test_ds   covid                                                                
--------------------------------------------------------------------------------
 rankfn    [33mbm25_k1-3.9_b-0.55[0m  |  subset       [33mf2-rnd5-quest[0m  |  ranktopk  [33m500[0m  
 date      2020-07-16          |  2020_filter  [33mTrue[0m           |  bs_field  text 
 rr_field  title_abs           |  bs_override  [33mrnd5-query[0m     |  fold      all  

 test_pred   reranker                                                                         
----------------------------------------------------------------------------------------------
 batch_size  [33m4[0m         |  gpu            True  |  gpu_determ  True                            
 preload     False     |  run_threshold  0     |  measures    [33mmrr@10,ndcg@20,map,p@20,ndcg@10[0m 
 source      run                                                                              

 pipeline      jesus                                                  
----------------------------------------------------------------------
 max_epoch     1000    |  early_stop     20     |  warmup       -1    
 val_metric    [33mmrr@10[0m  |  purge_weights  True   |  test         False 
 initial_eval  False   |  skip_ds_init   False  |  only_cached  False 
 onlytest      False   |  finetune       [33mTrue[0m   |  savefile     _     
[0m
[02;37m[2020-08-20 09:20:13,000][valid_pred:reranker][DEBUG] [0m[37musing GPU (deterministic)[0m
[02;37m[2020-08-20 09:20:13,002][trainer:pairwise][INFO] [0m[32mtrain path: ../data/models/config1/vanilla_transformer_40q_2000d_addrun/bert_bert-base-uncased_tr/pairwise_32x16x1_adam-0.001_encoderlr-2e-05_softmax_pos-intersect-query_neg-run/covid_trf2-rnd5-quest_bm25_k1-3.9_b-0.55.1000_2020-07-16_bs-text_2020filter_bsoverride-rnd5-query_rr-title_abs[0m
[02;37m[2020-08-20 09:20:17,034][trainer:pairwise][INFO] [0m[32mloading prev model : ../data/models/config1/vanilla_transformer_40q_2000d_addrun/bert_bert-base-uncased_tr/pairwise_32x16x1_adam-0.001_encoderlr-2e-05_softmax_pos-intersect-query_neg-run/msmarco_train_bm25_k1-0.82_b-0.68.100_mspairs[0m
[02;37m[2020-08-20 09:20:20,327][train_ds:covid][DEBUG] [0m[37m[starting] reading bm25_k1-3.9_b-0.55:1000[0m
[02;37m[2020-08-20 09:20:20,362][train_ds:covid][DEBUG] [0m[37m[finished] reading bm25_k1-3.9_b-0.55:1000 [35ms][0m
[02;37m[2020-08-20 09:20:20,426][onir.interfaces.java][DEBUG] [0m[37m[starting] initializing jnius[0m
[02;37m[2020-08-20 09:20:21,263][onir.interfaces.java][DEBUG] [0m[37m[finished] initializing jnius [838ms][0m
[02;37m[2020-08-20 09:21:21,443][pipeline:jesus][DEBUG] [0m[37m[train] epoch=0 loss=0.2932 acc=0.7227 unsup_acc=0.5371 delta_acc=0.1855[0m
[02;37m[2020-08-20 09:21:21,448][valid_ds:covid][DEBUG] [0m[37m[starting] reading bm25_k1-3.9_b-0.55:20[0m
[02;37m[2020-08-20 09:21:21,448][valid_ds:covid][DEBUG] [0m[37m[finished] reading bm25_k1-3.9_b-0.55:20 [1ms][0m
[02;37m[2020-08-20 09:21:21,450][valid_ds:covid][DEBUG] [0m[37m[starting] reading bm25_k1-3.9_b-0.55:20[0m
[02;37m[2020-08-20 09:21:21,456][valid_ds:covid][DEBUG] [0m[37m[finished] reading bm25_k1-3.9_b-0.55:20 [6ms][0m
[02;37m[2020-08-20 09:21:24,758][pipeline:jesus][INFO] [0m[32m[valid] epoch=0 map=0.0346 [mrr@10=0.8889] ndcg@10=0.5810 ndcg@20=0.4967 p@20=0.4944 runscore_alpha=0.3107 <---[0m
[02;37m[2020-08-20 09:22:22,653][pipeline:jesus][DEBUG] [0m[37m[train] epoch=1 loss=0.2124 acc=0.7969 unsup_acc=0.5410 delta_acc=0.2559[0m
[02;37m[2020-08-20 09:22:26,149][pipeline:jesus][INFO] [0m[32m[valid] epoch=1 map=0.0351 [mrr@10=0.8148] ndcg@10=0.5669 ndcg@20=0.4885 p@20=0.4944 runscore_alpha=0.3135[0m
[02;37m[2020-08-20 09:23:27,118][pipeline:jesus][DEBUG] [0m[37m[train] epoch=2 loss=0.2029 acc=0.8027 unsup_acc=0.5645 delta_acc=0.2383[0m
[02;37m[2020-08-20 09:23:30,630][pipeline:jesus][INFO] [0m[32m[valid] epoch=2 map=0.0320 [mrr@10=0.6481] ndcg@10=0.5121 ndcg@20=0.4646 p@20=0.4944 runscore_alpha=0.3166[0m
[02;37m[2020-08-20 09:24:31,338][pipeline:jesus][DEBUG] [0m[37m[train] epoch=3 loss=0.1714 acc=0.8398 unsup_acc=0.5273 delta_acc=0.3125[0m
[02;37m[2020-08-20 09:24:34,851][pipeline:jesus][INFO] [0m[32m[valid] epoch=3 map=0.0359 [mrr@10=0.8148] ndcg@10=0.5471 ndcg@20=0.4903 p@20=0.4944 runscore_alpha=0.3207[0m
[02;37m[2020-08-20 09:25:32,040][pipeline:jesus][DEBUG] [0m[37m[train] epoch=4 loss=0.1771 acc=0.8281 unsup_acc=0.6016 delta_acc=0.2266[0m
[02;37m[2020-08-20 09:25:35,559][pipeline:jesus][INFO] [0m[32m[valid] epoch=4 map=0.0343 [mrr@10=0.7593] ndcg@10=0.5410 ndcg@20=0.4816 p@20=0.4944 runscore_alpha=0.3227[0m
[02;37m[2020-08-20 09:26:31,554][pipeline:jesus][DEBUG] [0m[37m[train] epoch=5 loss=0.2010 acc=0.8066 unsup_acc=0.5508 delta_acc=0.2559[0m
[02;37m[2020-08-20 09:26:35,072][pipeline:jesus][INFO] [0m[32m[valid] epoch=5 map=0.0327 [mrr@10=0.8704] ndcg@10=0.5281 ndcg@20=0.4762 p@20=0.4944 runscore_alpha=0.3241[0m
[02;37m[2020-08-20 09:27:32,156][pipeline:jesus][DEBUG] [0m[37m[train] epoch=6 loss=0.1723 acc=0.8398 unsup_acc=0.5762 delta_acc=0.2637[0m
[02;37m[2020-08-20 09:27:35,641][pipeline:jesus][INFO] [0m[32m[valid] epoch=6 map=0.0341 [mrr@10=0.8333] ndcg@10=0.5554 ndcg@20=0.4849 p@20=0.4944 runscore_alpha=0.3262[0m
[02;37m[2020-08-20 09:28:33,649][pipeline:jesus][DEBUG] [0m[37m[train] epoch=7 loss=0.1535 acc=0.8574 unsup_acc=0.5645 delta_acc=0.2930[0m
[02;37m[2020-08-20 09:28:37,173][pipeline:jesus][INFO] [0m[32m[valid] epoch=7 map=0.0354 [mrr@10=0.7037] ndcg@10=0.5550 ndcg@20=0.4815 p@20=0.4944 runscore_alpha=0.3281[0m
[02;37m[2020-08-20 09:29:33,954][pipeline:jesus][DEBUG] [0m[37m[train] epoch=8 loss=0.1784 acc=0.8223 unsup_acc=0.5547 delta_acc=0.2676[0m
[02;37m[2020-08-20 09:29:37,489][pipeline:jesus][INFO] [0m[32m[valid] epoch=8 map=0.0343 [mrr@10=0.8056] ndcg@10=0.5493 ndcg@20=0.4768 p@20=0.4944 runscore_alpha=0.3301[0m
[02;37m[2020-08-20 09:30:36,273][pipeline:jesus][DEBUG] [0m[37m[train] epoch=9 loss=0.1826 acc=0.8184 unsup_acc=0.5762 delta_acc=0.2422[0m
[02;37m[2020-08-20 09:30:39,764][pipeline:jesus][INFO] [0m[32m[valid] epoch=9 map=0.0347 [mrr@10=0.7037] ndcg@10=0.5571 ndcg@20=0.4791 p@20=0.4944 runscore_alpha=0.3317[0m
[02;37m[2020-08-20 09:31:38,044][pipeline:jesus][DEBUG] [0m[37m[train] epoch=10 loss=0.1673 acc=0.8320 unsup_acc=0.5918 delta_acc=0.2402[0m
[02;37m[2020-08-20 09:31:41,753][pipeline:jesus][INFO] [0m[32m[valid] epoch=10 map=0.0342 [mrr@10=0.8148] ndcg@10=0.5401 ndcg@20=0.4807 p@20=0.4944 runscore_alpha=0.3326[0m
[02;37m[2020-08-20 09:32:40,103][pipeline:jesus][DEBUG] [0m[37m[train] epoch=11 loss=0.1411 acc=0.8652 unsup_acc=0.5508 delta_acc=0.3145[0m
[02;37m[2020-08-20 09:32:43,607][pipeline:jesus][INFO] [0m[32m[valid] epoch=11 map=0.0334 [mrr@10=0.7037] ndcg@10=0.5433 ndcg@20=0.4720 p@20=0.4944 runscore_alpha=0.3351[0m
[02;37m[2020-08-20 09:33:44,136][pipeline:jesus][DEBUG] [0m[37m[train] epoch=12 loss=0.1565 acc=0.8398 unsup_acc=0.5938 delta_acc=0.2461[0m
[02;37m[2020-08-20 09:33:47,941][pipeline:jesus][INFO] [0m[32m[valid] epoch=12 map=0.0357 [mrr@10=1.0000] ndcg@10=0.5901 ndcg@20=0.5078 p@20=0.4944 runscore_alpha=0.3373 <---[0m
[02;37m[2020-08-20 09:34:46,388][pipeline:jesus][DEBUG] [0m[37m[train] epoch=13 loss=0.1391 acc=0.8652 unsup_acc=0.5859 delta_acc=0.2793[0m
[02;37m[2020-08-20 09:34:49,888][pipeline:jesus][INFO] [0m[32m[valid] epoch=13 map=0.0348 [mrr@10=1.0000] ndcg@10=0.5709 ndcg@20=0.5092 p@20=0.4944 runscore_alpha=0.3377[0m
[02;37m[2020-08-20 09:35:47,628][pipeline:jesus][DEBUG] [0m[37m[train] epoch=14 loss=0.1553 acc=0.8457 unsup_acc=0.5664 delta_acc=0.2793[0m
[02;37m[2020-08-20 09:35:51,135][pipeline:jesus][INFO] [0m[32m[valid] epoch=14 map=0.0355 [mrr@10=0.9444] ndcg@10=0.5767 ndcg@20=0.5020 p@20=0.4944 runscore_alpha=0.3388[0m
[02;37m[2020-08-20 09:36:49,160][pipeline:jesus][DEBUG] [0m[37m[train] epoch=15 loss=0.1537 acc=0.8438 unsup_acc=0.5781 delta_acc=0.2656[0m
[02;37m[2020-08-20 09:36:52,748][pipeline:jesus][INFO] [0m[32m[valid] epoch=15 map=0.0330 [mrr@10=0.7593] ndcg@10=0.5439 ndcg@20=0.4780 p@20=0.4944 runscore_alpha=0.3388[0m
[02;37m[2020-08-20 09:37:52,499][pipeline:jesus][DEBUG] [0m[37m[train] epoch=16 loss=0.1359 acc=0.8672 unsup_acc=0.5898 delta_acc=0.2773[0m
[02;37m[2020-08-20 09:37:56,095][pipeline:jesus][INFO] [0m[32m[valid] epoch=16 map=0.0329 [mrr@10=0.7037] ndcg@10=0.5282 ndcg@20=0.4687 p@20=0.4944 runscore_alpha=0.3401[0m
[02;37m[2020-08-20 09:38:53,107][pipeline:jesus][DEBUG] [0m[37m[train] epoch=17 loss=0.1180 acc=0.8828 unsup_acc=0.5742 delta_acc=0.3086[0m
[02;37m[2020-08-20 09:38:56,707][pipeline:jesus][INFO] [0m[32m[valid] epoch=17 map=0.0334 [mrr@10=0.6944] ndcg@10=0.5215 ndcg@20=0.4617 p@20=0.4944 runscore_alpha=0.3414[0m
[02;37m[2020-08-20 09:39:56,299][pipeline:jesus][DEBUG] [0m[37m[train] epoch=18 loss=0.1414 acc=0.8672 unsup_acc=0.5352 delta_acc=0.3320[0m
[02;37m[2020-08-20 09:39:59,881][pipeline:jesus][INFO] [0m[32m[valid] epoch=18 map=0.0353 [mrr@10=0.8148] ndcg@10=0.5457 ndcg@20=0.4820 p@20=0.4944 runscore_alpha=0.3435[0m
[02;37m[2020-08-20 09:40:58,436][pipeline:jesus][DEBUG] [0m[37m[train] epoch=19 loss=0.1437 acc=0.8613 unsup_acc=0.5625 delta_acc=0.2988[0m
[02;37m[2020-08-20 09:41:01,934][pipeline:jesus][INFO] [0m[32m[valid] epoch=19 map=0.0348 [mrr@10=0.7593] ndcg@10=0.5268 ndcg@20=0.4736 p@20=0.4944 runscore_alpha=0.3456[0m
[02;37m[2020-08-20 09:42:01,729][pipeline:jesus][DEBUG] [0m[37m[train] epoch=20 loss=0.1331 acc=0.8691 unsup_acc=0.5723 delta_acc=0.2969[0m
[02;37m[2020-08-20 09:42:05,312][pipeline:jesus][INFO] [0m[32m[valid] epoch=20 map=0.0328 [mrr@10=0.7037] ndcg@10=0.5225 ndcg@20=0.4691 p@20=0.4944 runscore_alpha=0.3462[0m
[02;37m[2020-08-20 09:43:04,013][pipeline:jesus][DEBUG] [0m[37m[train] epoch=21 loss=0.1309 acc=0.8730 unsup_acc=0.5625 delta_acc=0.3105[0m
[02;37m[2020-08-20 09:43:07,664][pipeline:jesus][INFO] [0m[32m[valid] epoch=21 map=0.0346 [mrr@10=0.7778] ndcg@10=0.5582 ndcg@20=0.4899 p@20=0.4944 runscore_alpha=0.3471[0m
[02;37m[2020-08-20 09:44:06,045][pipeline:jesus][DEBUG] [0m[37m[train] epoch=22 loss=0.1355 acc=0.8711 unsup_acc=0.5801 delta_acc=0.2910[0m
[02;37m[2020-08-20 09:44:09,639][pipeline:jesus][INFO] [0m[32m[valid] epoch=22 map=0.0349 [mrr@10=0.7593] ndcg@10=0.5497 ndcg@20=0.4847 p@20=0.4944 runscore_alpha=0.3495[0m
[02;37m[2020-08-20 09:45:08,908][pipeline:jesus][DEBUG] [0m[37m[train] epoch=23 loss=0.1196 acc=0.8867 unsup_acc=0.5352 delta_acc=0.3516[0m
[02;37m[2020-08-20 09:45:12,495][pipeline:jesus][INFO] [0m[32m[valid] epoch=23 map=0.0340 [mrr@10=0.6944] ndcg@10=0.5357 ndcg@20=0.4717 p@20=0.4944 runscore_alpha=0.3512[0m
[02;37m[2020-08-20 09:46:10,194][pipeline:jesus][DEBUG] [0m[37m[train] epoch=24 loss=0.1492 acc=0.8633 unsup_acc=0.5840 delta_acc=0.2793[0m
[02;37m[2020-08-20 09:46:13,834][pipeline:jesus][INFO] [0m[32m[valid] epoch=24 map=0.0344 [mrr@10=0.7037] ndcg@10=0.5545 ndcg@20=0.4754 p@20=0.4944 runscore_alpha=0.3521[0m
[02;37m[2020-08-20 09:47:14,161][pipeline:jesus][DEBUG] [0m[37m[train] epoch=25 loss=0.1344 acc=0.8711 unsup_acc=0.5293 delta_acc=0.3418[0m
[02;37m[2020-08-20 09:47:17,779][pipeline:jesus][INFO] [0m[32m[valid] epoch=25 map=0.0344 [mrr@10=0.6296] ndcg@10=0.5289 ndcg@20=0.4701 p@20=0.4944 runscore_alpha=0.3532[0m
[02;37m[2020-08-20 09:48:17,257][pipeline:jesus][DEBUG] [0m[37m[train] epoch=26 loss=0.1343 acc=0.8691 unsup_acc=0.5859 delta_acc=0.2832[0m
[02;37m[2020-08-20 09:48:20,887][pipeline:jesus][INFO] [0m[32m[valid] epoch=26 map=0.0356 [mrr@10=0.7222] ndcg@10=0.5543 ndcg@20=0.4842 p@20=0.4944 runscore_alpha=0.3551[0m
[02;37m[2020-08-20 09:49:20,744][pipeline:jesus][DEBUG] [0m[37m[train] epoch=27 loss=0.1346 acc=0.8652 unsup_acc=0.5859 delta_acc=0.2793[0m
[02;37m[2020-08-20 09:49:24,322][pipeline:jesus][INFO] [0m[32m[valid] epoch=27 map=0.0368 [mrr@10=0.7593] ndcg@10=0.5415 ndcg@20=0.4845 p@20=0.4944 runscore_alpha=0.3559[0m
[02;37m[2020-08-20 09:50:24,231][pipeline:jesus][DEBUG] [0m[37m[train] epoch=28 loss=0.0915 acc=0.9160 unsup_acc=0.5762 delta_acc=0.3398[0m
[02;37m[2020-08-20 09:50:27,839][pipeline:jesus][INFO] [0m[32m[valid] epoch=28 map=0.0332 [mrr@10=0.7778] ndcg@10=0.5459 ndcg@20=0.4699 p@20=0.4944 runscore_alpha=0.3577[0m
[02;37m[2020-08-20 09:51:25,100][pipeline:jesus][DEBUG] [0m[37m[train] epoch=29 loss=0.1322 acc=0.8691 unsup_acc=0.5742 delta_acc=0.2949[0m
[02;37m[2020-08-20 09:51:28,747][pipeline:jesus][INFO] [0m[32m[valid] epoch=29 map=0.0337 [mrr@10=0.8611] ndcg@10=0.5425 ndcg@20=0.4792 p@20=0.4944 runscore_alpha=0.3591[0m
[02;37m[2020-08-20 09:52:29,146][pipeline:jesus][DEBUG] [0m[37m[train] epoch=30 loss=0.1255 acc=0.8750 unsup_acc=0.5898 delta_acc=0.2852[0m
[02;37m[2020-08-20 09:52:32,778][pipeline:jesus][INFO] [0m[32m[valid] epoch=30 map=0.0328 [mrr@10=0.8056] ndcg@10=0.5316 ndcg@20=0.4677 p@20=0.4944 runscore_alpha=0.3605[0m
[02;37m[2020-08-20 09:53:33,426][pipeline:jesus][DEBUG] [0m[37m[train] epoch=31 loss=0.1069 acc=0.9023 unsup_acc=0.5566 delta_acc=0.3457[0m
[02;37m[2020-08-20 09:53:37,066][pipeline:jesus][INFO] [0m[32m[valid] epoch=31 map=0.0343 [mrr@10=0.7593] ndcg@10=0.5686 ndcg@20=0.4818 p@20=0.4944 runscore_alpha=0.3607[0m
[02;37m[2020-08-20 09:54:35,716][pipeline:jesus][DEBUG] [0m[37m[train] epoch=32 loss=0.1129 acc=0.8906 unsup_acc=0.5938 delta_acc=0.2969[0m
[02;37m[2020-08-20 09:54:39,413][pipeline:jesus][INFO] [0m[32m[valid] epoch=32 map=0.0354 [mrr@10=0.8889] ndcg@10=0.5639 ndcg@20=0.4943 p@20=0.4944 runscore_alpha=0.3626[0m
[02;37m[2020-08-20 09:54:39,414][pipeline:jesus][WARNING] [0m[33mstopping after epoch 32 (20 epochs with no improvement to mrr@10)[0m
[02;37m[2020-08-20 09:54:39,414][pipeline:jesus][INFO] [0m[32mtop validation epoch=12 mrr@10=1.0[0m
[02;37m[2020-08-20 09:54:39,415][pipeline:jesus][INFO] [0m[32m[jesus: top_train_ctxt] {'epoch': 12, 'batch_size': 16, 'batches_per_epoch': 32, 'num_microbatches': 16, 'device': device(type='cuda'), 'base_path': '../data/models/config1/vanilla_transformer_40q_2000d_addrun/bert_bert-base-uncased_tr/pairwise_32x16x1_adam-0.001_encoderlr-2e-05_softmax_pos-intersect-query_neg-run/covid_trf2-rnd5-quest_bm25_k1-3.9_b-0.55.1000_2020-07-16_bs-text_2020filter_bsoverride-rnd5-query_rr-title_abs', 'ranker': <function Trainer.iter_train.<locals>.<lambda> at 0x7fecf2c46950>, 'ranker_path': '../data/models/config1/vanilla_transformer_40q_2000d_addrun/bert_bert-base-uncased_tr/pairwise_32x16x1_adam-0.001_encoderlr-2e-05_softmax_pos-intersect-query_neg-run/covid_trf2-rnd5-quest_bm25_k1-3.9_b-0.55.1000_2020-07-16_bs-text_2020filter_bsoverride-rnd5-query_rr-title_abs/weights/12.p', 'optimizer': <function Trainer.iter_train.<locals>.<lambda> at 0x7fecce2b5d08>, 'optimizer_path': '../data/models/config1/vanilla_transformer_40q_2000d_addrun/bert_bert-base-uncased_tr/pairwise_32x16x1_adam-0.001_encoderlr-2e-05_softmax_pos-intersect-query_neg-run/covid_trf2-rnd5-quest_bm25_k1-3.9_b-0.55.1000_2020-07-16_bs-text_2020filter_bsoverride-rnd5-query_rr-title_abs/optimizer/12.p', 'loss': 0.15645932592451572, 'losses': {'data': 0.15645932592451572}, 'acc': 0.83984375, 'unsup_acc': 0.59375, 'cached': False}[0m
[02;37m[2020-08-20 09:54:45,144][pipeline:jesus][INFO] [0m[32mvalid run at ../data/models/config1/vanilla_transformer_40q_2000d_addrun/bert_bert-base-uncased_tr/pairwise_32x16x1_adam-0.001_encoderlr-2e-05_softmax_pos-intersect-query_neg-run/covid_trf2-rnd5-quest_bm25_k1-3.9_b-0.55.1000_2020-07-16_bs-text_2020filter_bsoverride-rnd5-query_rr-title_abs/covid_vaf2-rnd5-quest_bm25_k1-3.9_b-0.55.20_2020-07-16_bs-text_2020filter_bsoverride-rnd5-query_rr-title_abs/runs/32.run[0m
[02;37m[2020-08-20 09:54:45,146][pipeline:jesus][INFO] [0m[32mvalid epoch=12 map=0.0357 [mrr@10=1.0000] ndcg@10=0.5901 ndcg@20=0.5078 p@20=0.4944 runscore_alpha=0.3373[0m
