Better speed can be achieved with apex installed from https://www.github.com/nvidia/apex.
[02;37m[2020-08-19 12:17:18,474][vocab:wordvec_hash][DEBUG] [0m[37m[starting] reading cached at ../data/vocab/wordvec_hash/glove-cc-42b-300d.p[0m
[02;37m[2020-08-19 12:17:25,243][vocab:wordvec_hash][DEBUG] [0m[37m[finished] reading cached at ../data/vocab/wordvec_hash/glove-cc-42b-300d.p [6.77s][0m
[02;37m[2020-08-19 12:17:29,796][onir.config][WARNING] [0m[33munknown bm25 arg k1-0.82[0m
[02;37m[2020-08-19 12:17:29,796][onir.config][WARNING] [0m[33munknown bm25 arg b-0.68[0m
[02;37m[2020-08-19 12:17:41,814][trainer:pairwise][DEBUG] [0m[37musing GPU (deterministic)[0m
[02;37m[2020-08-19 12:17:41,815][onir.config][WARNING] [0m[33munknown bm25 arg k1-0.82[0m
[02;37m[2020-08-19 12:17:41,815][onir.config][WARNING] [0m[33munknown bm25 arg b-0.68[0m
[02;37m[2020-08-19 12:17:41,816][onir.config][WARNING] [0m[33munknown bm25 arg k1-0.82[0m
[02;37m[2020-08-19 12:17:41,816][onir.config][WARNING] [0m[33munknown bm25 arg b-0.68[0m
[02;37m[2020-08-19 12:17:41,821][onir.injector][DEBUG] [0m[37mConfiguration:[0m
 vocab      wordvec_hash                                                  
--------------------------------------------------------------------------
 source     [33mglove[0m         |  variant      [33mcc-42b-300d[0m  |  train     False 
 hashspace  1000          |  init_stddev  0.5          |  log_miss  False 

 train_ds             msmarco                                                                            
---------------------------------------------------------------------------------------------------------
 rankfn               [33mbm25_k1-0.82_b-0.68[0m  |  subset           train    |  ranktopk                 100  
 special              [33mmspairs[0m              |  index            default  |  init_skip_train10        True 
 init_skip_train_med  True                 |  init_skip_msrun  True     |  init_skip_doctttttquery  True 

 ranker   pacrr                                             
------------------------------------------------------------
 qlen     [33m40[0m       |  dlen     2000  |  add_runscore  [33mTrue[0m  
 mingram  1        |  maxgram  3     |  nfilters      32    
 idf      True     |  kmax     2     |  shuf          False 
 combine  dense32                                           

 trainer     pairwise                                                                                                    
-------------------------------------------------------------------------------------------------------------------------
 batch_size  16        |  batches_per_epoch  32         |  grad_acc_batch  0                                             
 optimizer   adam      |  lr                 0.001      |  gpu             True                                          
 gpu_determ  True      |  encoder_lr         0.0        |  pipeline        [33mmsmarco_train_bm25_k1-0.82_b-0.68.100_mspairs[0m 
 lossfn      softmax   |  pos_source         intersect  |  neg_source      run                                           
 sampling    query     |  pos_minrel         1          |  unjudged_rel    0                                             
 num_neg     1         |  margin             0.0                                                                         

 valid_ds             msmarco                                                                            
---------------------------------------------------------------------------------------------------------
 rankfn               [33mbm25_k1-0.82_b-0.68[0m  |  subset           [33mminidev[0m  |  ranktopk                 [33m20[0m   
 special              [02;37m[empty][0m              |  index            default  |  init_skip_train10        True 
 init_skip_train_med  True                 |  init_skip_msrun  True     |  init_skip_doctttttquery  True 

 valid_pred  reranker                                                                                
-----------------------------------------------------------------------------------------------------
 batch_size  64        |  gpu            True  |  gpu_determ  True                                   
 preload     False     |  run_threshold  0     |  measures    [33mmrr@10,ndcg@20,map@1000,p@1,p@20,rprec[0m 
 source      run                                                                                     

 test_ds              msmarco                                                                              
-----------------------------------------------------------------------------------------------------------
 rankfn               [33mbm25_k1-0.82_b-0.68[0m  |  subset           [33mjudgeddev[0m  |  ranktopk                 100  
 special              [02;37m[empty][0m              |  index            default    |  init_skip_train10        True 
 init_skip_train_med  True                 |  init_skip_msrun  True       |  init_skip_doctttttquery  True 

 test_pred   reranker                                                                                
-----------------------------------------------------------------------------------------------------
 batch_size  64        |  gpu            True  |  gpu_determ  True                                   
 preload     False     |  run_threshold  0     |  measures    [33mmrr@10,ndcg@20,map@1000,p@1,p@20,rprec[0m 
 source      run                                                                                     

 pipeline      jesus                                                                                                
--------------------------------------------------------------------------------------------------------------------
 max_epoch     1000    |  early_stop     20     |  warmup       -1                                                  
 val_metric    [33mmrr@10[0m  |  purge_weights  True   |  test         [33mTrue[0m                                                
 initial_eval  False   |  skip_ds_init   False  |  only_cached  False                                               
 onlytest      [33mTrue[0m    |  finetune       [33mTrue[0m   |  savefile     [33mmodel_pacrr-train_cord19-train_msmarco-test_msmarco[0m 
[0m
[02;37m[2020-08-19 12:17:41,821][valid_pred:reranker][DEBUG] [0m[37musing GPU (deterministic)[0m
[02;37m[2020-08-19 12:17:41,822][trainer:pairwise][INFO] [0m[32mtrain path: ../data/models/config2/pacrr_40q_2000d_ng-1-3_k-2_idf_addrun/wordvec_hash_glove_cc-42b-300d/pairwise_32x16_adam-0.001_softmax_pos-intersect-query_neg-run/msmarco_train_bm25_k1-0.82_b-0.68.100_mspairs[0m
[02;37m[2020-08-19 12:17:45,044][trainer:pairwise][INFO] [0m[32mloading prev model : ../data/models/config2/pacrr_40q_2000d_ng-1-3_k-2_idf_addrun/wordvec_hash_glove_cc-42b-300d/pairwise_32x16_adam-0.001_softmax_pos-intersect-query_neg-run/msmarco_train_bm25_k1-0.82_b-0.68.100_mspairs[0m
[02;37m[2020-08-19 12:17:45,052][pipeline:jesus][DEBUG] [0m[37m[jesus] skipping training[0m
[02;37m[2020-08-19 12:17:45,052][pipeline:jesus][DEBUG] [0m[37m[jesus] loading top context[0m
[02;37m[2020-08-19 12:17:45,052][pipeline:jesus][DEBUG] [0m[37m[jesus] Top epoch context: {'epoch': -1, 'batch_size': 16, 'batches_per_epoch': 32, 'num_microbatches': 1, 'device': device(type='cuda'), 'base_path': '../data/models/config2/pacrr_40q_2000d_ng-1-3_k-2_idf_addrun/wordvec_hash_glove_cc-42b-300d/pairwise_32x16_adam-0.001_softmax_pos-intersect-query_neg-run/msmarco_train_bm25_k1-0.82_b-0.68.100_mspairs', 'ranker': <function Trainer.iter_train.<locals>.<lambda> at 0x7fd0facfef28>, 'ranker_path': '../data/models/config2/pacrr_40q_2000d_ng-1-3_k-2_idf_addrun/wordvec_hash_glove_cc-42b-300d/pairwise_32x16_adam-0.001_softmax_pos-intersect-query_neg-run/msmarco_train_bm25_k1-0.82_b-0.68.100_mspairs/weights/-2.p', 'optimizer': <function Trainer.iter_train.<locals>.<lambda> at 0x7fd0facfed08>, 'optimizer_path': '../data/models/config2/pacrr_40q_2000d_ng-1-3_k-2_idf_addrun/wordvec_hash_glove_cc-42b-300d/pairwise_32x16_adam-0.001_softmax_pos-intersect-query_neg-run/msmarco_train_bm25_k1-0.82_b-0.68.100_mspairs/optimizer/-2.p'}[0m
[02;37m[2020-08-19 12:17:45,052][pipeline:jesus][INFO] [0m[32mStarting load ranker[0m
[02;37m[2020-08-19 12:17:45,052][pipeline:jesus][INFO] [0m[32mStarting test predictor run[0m
[02;37m[2020-08-19 12:17:45,053][pipeline:jesus][DEBUG] [0m[37m[starting] testing[0m
[02;37m[2020-08-19 12:17:45,053][test_pred:reranker][DEBUG] [0m[37musing GPU (deterministic)[0m
[02;37m[2020-08-19 12:17:45,056][test_ds:msmarco][DEBUG] [0m[37m[starting] loading bm25_k1-0.82_b-0.68:100 from larger batch bm25_k1-0.82_b-0.68:1000[0m
[02;37m[2020-08-19 12:18:54,826][test_ds:msmarco][DEBUG] [0m[37m[finished] loading bm25_k1-0.82_b-0.68:100 from larger batch bm25_k1-0.82_b-0.68:1000 [01:10][0m
[02;37m[2020-08-19 12:18:54,837][test_ds:msmarco][DEBUG] [0m[37m[starting] loading bm25_k1-0.82_b-0.68:100 from larger batch bm25_k1-0.82_b-0.68:1000[0m
[02;37m[2020-08-19 12:20:14,253][test_ds:msmarco][DEBUG] [0m[37m[finished] loading bm25_k1-0.82_b-0.68:100 from larger batch bm25_k1-0.82_b-0.68:1000 [01:19][0m
[02;37m[2020-08-19 12:20:14,422][test_ds:msmarco][DEBUG] [0m[37m[starting] loading queries[0m
[02;37m[2020-08-19 12:20:14,489][test_ds:msmarco][DEBUG] [0m[37m[finished] loading queries: [66ms] [55578it] [836164.76it/s][0m
[02;37m[2020-08-19 12:20:14,490][onir.interfaces.java][DEBUG] [0m[37m[starting] initializing jnius[0m
[02;37m[2020-08-19 12:20:15,342][onir.interfaces.java][DEBUG] [0m[37m[finished] initializing jnius [852ms][0m
[02;37m[2020-08-19 15:13:50,092][test_ds:msmarco][DEBUG] [0m[37m[starting] loading qrels[0m
[02;37m[2020-08-19 15:13:50,177][test_ds:msmarco][DEBUG] [0m[37m[finished] loading qrels [86ms][0m
[02;37m[2020-08-19 15:14:05,256][pipeline:jesus][DEBUG] [0m[37m[finished] testing [2:56:20][0m
[02;37m[2020-08-19 15:14:05,256][pipeline:jesus][INFO] [0m[32mtest run at ../data/models/config2/pacrr_40q_2000d_ng-1-3_k-2_idf_addrun/wordvec_hash_glove_cc-42b-300d/pairwise_32x16_adam-0.001_softmax_pos-intersect-query_neg-run/msmarco_train_bm25_k1-0.82_b-0.68.100_mspairs/msmarco_judgeddev_bm25_k1-0.82_b-0.68.100/runs/-1.run[0m
[02;37m[2020-08-19 15:14:05,256][pipeline:jesus][INFO] [0m[32mtest  epoch=-1 map@1000=0.2146 [mrr@10=0.2080] ndcg@20=0.2763 p@1=0.1235 p@20=0.0260 rprec=0.1227 runscore_alpha=0.2760[0m
