Better speed can be achieved with apex installed from https://www.github.com/nvidia/apex.
[02;37m[2020-08-20 21:38:35,831][onir.config][WARNING] [0m[33mArgument vocab.source=glove set but no matching setting in <class 'onir.vocab.bert_vocab.BertVocab'>[0m
[02;37m[2020-08-20 21:38:35,832][onir.config][WARNING] [0m[33mArgument vocab.variant=cc-42b-300d set but no matching setting in <class 'onir.vocab.bert_vocab.BertVocab'>[0m
[02;37m[2020-08-20 21:38:43,409][vocab:bert][DEBUG] [0m[37m[starting] loading BERT weights from ../data/vocab/bert/config1[0m
[02;37m[2020-08-20 21:38:44,174][vocab:bert][DEBUG] [0m[37m[finished] loading BERT weights from ../data/vocab/bert/config1 [767ms][0m
[02;37m[2020-08-20 21:38:44,359][trainer:pairwise][DEBUG] [0m[37musing GPU (deterministic)[0m
[02;37m[2020-08-20 21:38:44,362][onir.config][WARNING] [0m[33munknown bm25 arg k1-0.82[0m
[02;37m[2020-08-20 21:38:44,362][onir.config][WARNING] [0m[33munknown bm25 arg b-0.68[0m
[02;37m[2020-08-20 21:38:44,362][onir.config][WARNING] [0m[33mArgument test_ds.2020_filter=True set but no matching setting in <class 'onir.datasets.msmarco.MsmarcoDataset'>[0m
[02;37m[2020-08-20 21:38:44,363][onir.config][WARNING] [0m[33mArgument test_ds.rr_field=title_abs set but no matching setting in <class 'onir.datasets.msmarco.MsmarcoDataset'>[0m
[02;37m[2020-08-20 21:38:44,363][onir.config][WARNING] [0m[33mArgument test_ds.bs_field=text set but no matching setting in <class 'onir.datasets.msmarco.MsmarcoDataset'>[0m
[02;37m[2020-08-20 21:38:44,363][onir.config][WARNING] [0m[33mArgument test_ds.bs_override=rnd5-query set but no matching setting in <class 'onir.datasets.msmarco.MsmarcoDataset'>[0m
[02;37m[2020-08-20 21:38:44,368][onir.injector][DEBUG] [0m[37mConfiguration:[0m
 vocab       bert                                                            
-----------------------------------------------------------------------------
 bert_base   bert-base-uncased  |  bert_weights  [33mconfig1[0m  |  layer     -1    
 last_layer  False              |  train         [33mTrue[0m     |  encoding  joint 

 train_ds  covid                                                                  
----------------------------------------------------------------------------------
 rankfn    [33mbm25_k1-3.9_b-0.55[0m  |  subset       [33mtrf2-rnd5-quest[0m  |  ranktopk  1000 
 date      2020-07-16          |  2020_filter  [33mTrue[0m             |  bs_field  text 
 rr_field  title_abs           |  bs_override  [33mrnd5-query[0m       |  fold      all  

 ranker  cedr_knrm                                                                                                                         
-------------------------------------------------------------------------------------------------------------------------------------------
 qlen    [33m40[0m                                                |  dlen    2000                                           |  add_runscore  [33mTrue[0m 
 mus     -0.9,-0.7,-0.5,-0.3,-0.1,0.1,0.3,0.5,0.7,0.9,1.0  |  sigmas  0.1,0.1,0.1,0.1,0.1,0.1,0.1,0.1,0.1,0.1,0.001  |  grad_kernels  True 

 trainer     pairwise                                                                                                                                                                     
------------------------------------------------------------------------------------------------------------------------------------------------------------------------------------------
 batch_size  16        |  batches_per_epoch  32         |  grad_acc_batch  [33m1[0m                                                                                                              
 optimizer   adam      |  lr                 0.001      |  gpu             True                                                                                                           
 gpu_determ  True      |  encoder_lr         [33m2e-05[0m      |  pipeline        [33mcovid_trf2-rnd5-quest_bm25_k1-3.9_b-0.55.1000_2020-07-16_bs-text_2020filter_bsoverride-rnd5-query_rr-title_abs[0m 
 lossfn      softmax   |  pos_source         intersect  |  neg_source      run                                                                                                            
 sampling    query     |  pos_minrel         1          |  unjudged_rel    0                                                                                                              
 num_neg     1         |  margin             0.0                                                                                                                                          

 valid_ds  covid                                                                  
----------------------------------------------------------------------------------
 rankfn    [33mbm25_k1-3.9_b-0.55[0m  |  subset       [33mvaf2-rnd5-quest[0m  |  ranktopk  [33m20[0m   
 date      2020-07-16          |  2020_filter  [33mTrue[0m             |  bs_field  text 
 rr_field  title_abs           |  bs_override  [33mrnd5-query[0m       |  fold      all  

 valid_pred  reranker                                                                         
----------------------------------------------------------------------------------------------
 batch_size  [33m4[0m         |  gpu            True  |  gpu_determ  True                            
 preload     False     |  run_threshold  0     |  measures    [33mmrr@10,ndcg@20,map,p@20,ndcg@10[0m 
 source      run                                                                              

 test_ds              msmarco                                                                              
-----------------------------------------------------------------------------------------------------------
 rankfn               [33mbm25_k1-0.82_b-0.68[0m  |  subset           [33mjudgeddev[0m  |  ranktopk                 100  
 special              [02;37m[empty][0m              |  index            default    |  init_skip_train10        True 
 init_skip_train_med  True                 |  init_skip_msrun  True       |  init_skip_doctttttquery  True 

 test_pred   reranker                                                                                
-----------------------------------------------------------------------------------------------------
 batch_size  [33m4[0m         |  gpu            True  |  gpu_determ  True                                   
 preload     False     |  run_threshold  0     |  measures    [33mmrr@10,ndcg@20,map@1000,p@1,p@20,rprec[0m 
 source      run                                                                                     

 pipeline      jesus                                                                                               
-------------------------------------------------------------------------------------------------------------------
 max_epoch     1000    |  early_stop     20     |  warmup       -1                                                 
 val_metric    [33mmrr@10[0m  |  purge_weights  True   |  test         [33mTrue[0m                                               
 initial_eval  False   |  skip_ds_init   False  |  only_cached  False                                              
 onlytest      [33mTrue[0m    |  finetune       [33mTrue[0m   |  savefile     [33mmodel_cedr-train_msmarco-train_cord19-test_msmarco[0m 
[0m
[02;37m[2020-08-20 21:38:44,369][valid_pred:reranker][DEBUG] [0m[37musing GPU (deterministic)[0m
[02;37m[2020-08-20 21:38:44,371][trainer:pairwise][INFO] [0m[32mtrain path: ../data/models/config1/cedr_knrm_40q_2000d_addrun/bert_bert-base-uncased_config1_tr/pairwise_32x16x1_adam-0.001_encoderlr-2e-05_softmax_pos-intersect-query_neg-run/covid_trf2-rnd5-quest_bm25_k1-3.9_b-0.55.1000_2020-07-16_bs-text_2020filter_bsoverride-rnd5-query_rr-title_abs[0m
[02;37m[2020-08-20 21:38:47,442][trainer:pairwise][INFO] [0m[32mloading prev model : ../data/models/config1/cedr_knrm_40q_2000d_addrun/bert_bert-base-uncased_config1_tr/pairwise_32x16x1_adam-0.001_encoderlr-2e-05_softmax_pos-intersect-query_neg-run/covid_trf2-rnd5-quest_bm25_k1-3.9_b-0.55.1000_2020-07-16_bs-text_2020filter_bsoverride-rnd5-query_rr-title_abs[0m
[02;37m[2020-08-20 21:38:48,623][pipeline:jesus][DEBUG] [0m[37m[jesus] skipping training[0m
[02;37m[2020-08-20 21:38:48,624][pipeline:jesus][DEBUG] [0m[37m[jesus] loading top context[0m
[02;37m[2020-08-20 21:38:48,624][pipeline:jesus][DEBUG] [0m[37m[jesus] Top epoch context: {'epoch': -1, 'batch_size': 16, 'batches_per_epoch': 32, 'num_microbatches': 16, 'device': device(type='cuda'), 'base_path': '../data/models/config1/cedr_knrm_40q_2000d_addrun/bert_bert-base-uncased_config1_tr/pairwise_32x16x1_adam-0.001_encoderlr-2e-05_softmax_pos-intersect-query_neg-run/covid_trf2-rnd5-quest_bm25_k1-3.9_b-0.55.1000_2020-07-16_bs-text_2020filter_bsoverride-rnd5-query_rr-title_abs', 'ranker': <function Trainer.iter_train.<locals>.<lambda> at 0x7f4508dc2bf8>, 'ranker_path': '../data/models/config1/cedr_knrm_40q_2000d_addrun/bert_bert-base-uncased_config1_tr/pairwise_32x16x1_adam-0.001_encoderlr-2e-05_softmax_pos-intersect-query_neg-run/covid_trf2-rnd5-quest_bm25_k1-3.9_b-0.55.1000_2020-07-16_bs-text_2020filter_bsoverride-rnd5-query_rr-title_abs/weights/-2.p', 'optimizer': <function Trainer.iter_train.<locals>.<lambda> at 0x7f4508dc2d08>, 'optimizer_path': '../data/models/config1/cedr_knrm_40q_2000d_addrun/bert_bert-base-uncased_config1_tr/pairwise_32x16x1_adam-0.001_encoderlr-2e-05_softmax_pos-intersect-query_neg-run/covid_trf2-rnd5-quest_bm25_k1-3.9_b-0.55.1000_2020-07-16_bs-text_2020filter_bsoverride-rnd5-query_rr-title_abs/optimizer/-2.p'}[0m
[02;37m[2020-08-20 21:38:48,624][pipeline:jesus][INFO] [0m[32mStarting load ranker[0m
[02;37m[2020-08-20 21:38:48,624][pipeline:jesus][INFO] [0m[32mStarting test predictor run[0m
[02;37m[2020-08-20 21:38:48,624][pipeline:jesus][DEBUG] [0m[37m[starting] testing[0m
[02;37m[2020-08-20 21:38:48,624][test_pred:reranker][DEBUG] [0m[37musing GPU (deterministic)[0m
[02;37m[2020-08-20 21:38:49,052][test_ds:msmarco][DEBUG] [0m[37m[starting] loading bm25_k1-0.82_b-0.68:100 from larger batch bm25_k1-0.82_b-0.68:1000[0m
[02;37m[2020-08-20 21:40:09,117][test_ds:msmarco][DEBUG] [0m[37m[finished] loading bm25_k1-0.82_b-0.68:100 from larger batch bm25_k1-0.82_b-0.68:1000 [01:20][0m
[02;37m[2020-08-20 21:40:09,127][test_ds:msmarco][DEBUG] [0m[37m[starting] loading bm25_k1-0.82_b-0.68:100 from larger batch bm25_k1-0.82_b-0.68:1000[0m
[02;37m[2020-08-20 21:41:43,065][test_ds:msmarco][DEBUG] [0m[37m[finished] loading bm25_k1-0.82_b-0.68:100 from larger batch bm25_k1-0.82_b-0.68:1000 [01:34][0m
[02;37m[2020-08-20 21:41:43,265][test_ds:msmarco][DEBUG] [0m[37m[starting] loading queries[0m
[02;37m[2020-08-20 21:41:43,341][test_ds:msmarco][DEBUG] [0m[37m[finished] loading queries: [75ms] [55578it] [737259.17it/s][0m
[02;37m[2020-08-20 21:41:43,342][onir.interfaces.java][DEBUG] [0m[37m[starting] initializing jnius[0m
[02;37m[2020-08-20 21:41:44,356][onir.interfaces.java][DEBUG] [0m[37m[finished] initializing jnius [1.01s][0m
[02;37m[2020-08-21 09:48:29,331][test_ds:msmarco][DEBUG] [0m[37m[starting] loading qrels[0m
[02;37m[2020-08-21 09:48:29,446][test_ds:msmarco][DEBUG] [0m[37m[finished] loading qrels [116ms][0m
[02;37m[2020-08-21 09:48:47,790][pipeline:jesus][DEBUG] [0m[37m[finished] testing [12:09:59][0m
[02;37m[2020-08-21 09:48:47,791][pipeline:jesus][INFO] [0m[32mtest run at ../data/models/config1/cedr_knrm_40q_2000d_addrun/bert_bert-base-uncased_config1_tr/pairwise_32x16x1_adam-0.001_encoderlr-2e-05_softmax_pos-intersect-query_neg-run/covid_trf2-rnd5-quest_bm25_k1-3.9_b-0.55.1000_2020-07-16_bs-text_2020filter_bsoverride-rnd5-query_rr-title_abs/msmarco_judgeddev_bm25_k1-0.82_b-0.68.100/runs/-1.run[0m
[02;37m[2020-08-21 09:48:47,791][pipeline:jesus][INFO] [0m[32mtest  epoch=-1 map@1000=0.2699 [mrr@10=0.2656] ndcg@20=0.3391 p@1=0.1653 p@20=0.0301 rprec=0.1642 runscore_alpha=0.2858[0m
