Better speed can be achieved with apex installed from https://www.github.com/nvidia/apex.
[02;37m[2020-08-18 18:29:38,247][vocab:wordvec_hash][DEBUG] [0m[37m[starting] reading cached at ../data/vocab/wordvec_hash/glove-cc-42b-300d.p[0m
[02;37m[2020-08-18 18:29:44,041][vocab:wordvec_hash][DEBUG] [0m[37m[finished] reading cached at ../data/vocab/wordvec_hash/glove-cc-42b-300d.p [5.79s][0m
[02;37m[2020-08-18 18:30:07,139][trainer:pairwise][DEBUG] [0m[37musing GPU (deterministic)[0m
[02;37m[2020-08-18 18:30:07,188][onir.config][WARNING] [0m[33munknown bm25 arg k1-0.82[0m
[02;37m[2020-08-18 18:30:07,188][onir.config][WARNING] [0m[33munknown bm25 arg b-0.68[0m
[02;37m[2020-08-18 18:30:07,188][onir.config][WARNING] [0m[33mArgument test_ds.2020_filter=True set but no matching setting in <class 'onir.datasets.msmarco.MsmarcoDataset'>[0m
[02;37m[2020-08-18 18:30:07,188][onir.config][WARNING] [0m[33mArgument test_ds.rr_field=title_abs set but no matching setting in <class 'onir.datasets.msmarco.MsmarcoDataset'>[0m
[02;37m[2020-08-18 18:30:07,188][onir.config][WARNING] [0m[33mArgument test_ds.bs_field=text set but no matching setting in <class 'onir.datasets.msmarco.MsmarcoDataset'>[0m
[02;37m[2020-08-18 18:30:07,188][onir.config][WARNING] [0m[33mArgument test_ds.bs_override=rnd5-query set but no matching setting in <class 'onir.datasets.msmarco.MsmarcoDataset'>[0m
[02;37m[2020-08-18 18:30:07,193][onir.injector][DEBUG] [0m[37mConfiguration:[0m
 vocab      wordvec_hash                                                  
--------------------------------------------------------------------------
 source     [33mglove[0m         |  variant      [33mcc-42b-300d[0m  |  train     False 
 hashspace  1000          |  init_stddev  0.5          |  log_miss  False 

 train_ds  covid                                                                  
----------------------------------------------------------------------------------
 rankfn    [33mbm25_k1-3.9_b-0.55[0m  |  subset       [33mtrf2-rnd5-quest[0m  |  ranktopk  1000 
 date      2020-07-16          |  2020_filter  [33mTrue[0m             |  bs_field  text 
 rr_field  title_abs           |  bs_override  [33mrnd5-query[0m       |  fold      all  

 ranker   drmm                                            
----------------------------------------------------------
 qlen     [33m40[0m    |  dlen   2000  |  add_runscore  [33mTrue[0m     
 hidden   5     |  nbins  11    |  histo         logcount 
 combine  idf                                             

 trainer     pairwise                                                                                                                                                                     
------------------------------------------------------------------------------------------------------------------------------------------------------------------------------------------
 batch_size  16        |  batches_per_epoch  32         |  grad_acc_batch  0                                                                                                              
 optimizer   adam      |  lr                 0.001      |  gpu             True                                                                                                           
 gpu_determ  True      |  encoder_lr         0.0        |  pipeline        [33mcovid_trf2-rnd5-quest_bm25_k1-3.9_b-0.55.1000_2020-07-16_bs-text_2020filter_bsoverride-rnd5-query_rr-title_abs[0m 
 lossfn      softmax   |  pos_source         intersect  |  neg_source      run                                                                                                            
 sampling    query     |  pos_minrel         1          |  unjudged_rel    0                                                                                                              
 num_neg     1         |  margin             0.0                                                                                                                                          

 valid_ds  covid                                                                  
----------------------------------------------------------------------------------
 rankfn    [33mbm25_k1-3.9_b-0.55[0m  |  subset       [33mvaf2-rnd5-quest[0m  |  ranktopk  [33m20[0m   
 date      2020-07-16          |  2020_filter  [33mTrue[0m             |  bs_field  text 
 rr_field  title_abs           |  bs_override  [33mrnd5-query[0m       |  fold      all  

 valid_pred  reranker                                                                         
----------------------------------------------------------------------------------------------
 batch_size  64        |  gpu            True  |  gpu_determ  True                            
 preload     False     |  run_threshold  0     |  measures    [33mmrr@10,ndcg@20,map,p@20,ndcg@10[0m 
 source      run                                                                              

 test_ds              msmarco                                                                              
-----------------------------------------------------------------------------------------------------------
 rankfn               [33mbm25_k1-0.82_b-0.68[0m  |  subset           [33mjudgeddev[0m  |  ranktopk                 100  
 special              [02;37m[empty][0m              |  index            default    |  init_skip_train10        True 
 init_skip_train_med  True                 |  init_skip_msrun  True       |  init_skip_doctttttquery  True 

 test_pred   reranker                                                                                
-----------------------------------------------------------------------------------------------------
 batch_size  64        |  gpu            True  |  gpu_determ  True                                   
 preload     False     |  run_threshold  0     |  measures    [33mmrr@10,ndcg@20,map@1000,p@1,p@20,rprec[0m 
 source      run                                                                                     

 pipeline      jesus                                                                                               
-------------------------------------------------------------------------------------------------------------------
 max_epoch     1000    |  early_stop     20     |  warmup       -1                                                 
 val_metric    [33mmrr@10[0m  |  purge_weights  True   |  test         [33mTrue[0m                                               
 initial_eval  False   |  skip_ds_init   False  |  only_cached  False                                              
 onlytest      [33mTrue[0m    |  finetune       [33mTrue[0m   |  savefile     [33mmodel_drmm-train_msmarco-train_cord19-test_msmarco[0m 
[0m
[02;37m[2020-08-18 18:30:07,193][valid_pred:reranker][DEBUG] [0m[37musing GPU (deterministic)[0m
[02;37m[2020-08-18 18:30:07,195][trainer:pairwise][INFO] [0m[32mtrain path: ../data/models/config1/drmm_40q_2000d_logcount-11_5h_addrun/wordvec_hash_glove_cc-42b-300d/pairwise_32x16_adam-0.001_softmax_pos-intersect-query_neg-run/covid_trf2-rnd5-quest_bm25_k1-3.9_b-0.55.1000_2020-07-16_bs-text_2020filter_bsoverride-rnd5-query_rr-title_abs[0m
[02;37m[2020-08-18 18:30:10,460][trainer:pairwise][INFO] [0m[32mloading prev model : ../data/models/config1/drmm_40q_2000d_logcount-11_5h_addrun/wordvec_hash_glove_cc-42b-300d/pairwise_32x16_adam-0.001_softmax_pos-intersect-query_neg-run/covid_trf2-rnd5-quest_bm25_k1-3.9_b-0.55.1000_2020-07-16_bs-text_2020filter_bsoverride-rnd5-query_rr-title_abs[0m
[02;37m[2020-08-18 18:30:10,469][pipeline:jesus][DEBUG] [0m[37m[jesus] skipping training[0m
[02;37m[2020-08-18 18:30:10,470][pipeline:jesus][DEBUG] [0m[37m[jesus] loading top context[0m
[02;37m[2020-08-18 18:30:10,470][pipeline:jesus][DEBUG] [0m[37m[jesus] Top epoch context: {'epoch': -1, 'batch_size': 16, 'batches_per_epoch': 32, 'num_microbatches': 1, 'device': device(type='cuda'), 'base_path': '../data/models/config1/drmm_40q_2000d_logcount-11_5h_addrun/wordvec_hash_glove_cc-42b-300d/pairwise_32x16_adam-0.001_softmax_pos-intersect-query_neg-run/covid_trf2-rnd5-quest_bm25_k1-3.9_b-0.55.1000_2020-07-16_bs-text_2020filter_bsoverride-rnd5-query_rr-title_abs', 'ranker': <function Trainer.iter_train.<locals>.<lambda> at 0x7f98261bf158>, 'ranker_path': '../data/models/config1/drmm_40q_2000d_logcount-11_5h_addrun/wordvec_hash_glove_cc-42b-300d/pairwise_32x16_adam-0.001_softmax_pos-intersect-query_neg-run/covid_trf2-rnd5-quest_bm25_k1-3.9_b-0.55.1000_2020-07-16_bs-text_2020filter_bsoverride-rnd5-query_rr-title_abs/weights/-2.p', 'optimizer': <function Trainer.iter_train.<locals>.<lambda> at 0x7f977e9619d8>, 'optimizer_path': '../data/models/config1/drmm_40q_2000d_logcount-11_5h_addrun/wordvec_hash_glove_cc-42b-300d/pairwise_32x16_adam-0.001_softmax_pos-intersect-query_neg-run/covid_trf2-rnd5-quest_bm25_k1-3.9_b-0.55.1000_2020-07-16_bs-text_2020filter_bsoverride-rnd5-query_rr-title_abs/optimizer/-2.p'}[0m
[02;37m[2020-08-18 18:30:10,470][pipeline:jesus][INFO] [0m[32mStarting load ranker[0m
[02;37m[2020-08-18 18:30:10,470][pipeline:jesus][INFO] [0m[32mStarting test predictor run[0m
[02;37m[2020-08-18 18:30:10,470][pipeline:jesus][DEBUG] [0m[37m[starting] testing[0m
[02;37m[2020-08-18 18:30:10,470][test_pred:reranker][DEBUG] [0m[37musing GPU (deterministic)[0m
[02;37m[2020-08-18 18:30:10,472][test_ds:msmarco][DEBUG] [0m[37m[starting] loading bm25_k1-0.82_b-0.68:100 from larger batch bm25_k1-0.82_b-0.68:1000[0m
[02;37m[2020-08-18 18:31:18,638][test_ds:msmarco][DEBUG] [0m[37m[finished] loading bm25_k1-0.82_b-0.68:100 from larger batch bm25_k1-0.82_b-0.68:1000 [01:08][0m
[02;37m[2020-08-18 18:31:18,649][test_ds:msmarco][DEBUG] [0m[37m[starting] loading bm25_k1-0.82_b-0.68:100 from larger batch bm25_k1-0.82_b-0.68:1000[0m
[02;37m[2020-08-18 18:32:38,473][test_ds:msmarco][DEBUG] [0m[37m[finished] loading bm25_k1-0.82_b-0.68:100 from larger batch bm25_k1-0.82_b-0.68:1000 [01:20][0m
[02;37m[2020-08-18 18:32:38,641][test_ds:msmarco][DEBUG] [0m[37m[starting] loading queries[0m
[02;37m[2020-08-18 18:32:38,708][test_ds:msmarco][DEBUG] [0m[37m[finished] loading queries: [66ms] [55578it] [839108.40it/s][0m
[02;37m[2020-08-18 18:32:38,709][onir.interfaces.java][DEBUG] [0m[37m[starting] initializing jnius[0m
[02;37m[2020-08-18 18:32:39,607][onir.interfaces.java][DEBUG] [0m[37m[finished] initializing jnius [898ms][0m
[02;37m[2020-08-18 21:24:55,192][test_ds:msmarco][DEBUG] [0m[37m[starting] loading qrels[0m
[02;37m[2020-08-18 21:24:55,265][test_ds:msmarco][DEBUG] [0m[37m[finished] loading qrels [73ms][0m
[02;37m[2020-08-18 21:25:09,121][pipeline:jesus][DEBUG] [0m[37m[finished] testing [2:54:59][0m
[02;37m[2020-08-18 21:25:09,122][pipeline:jesus][INFO] [0m[32mtest run at ../data/models/config1/drmm_40q_2000d_logcount-11_5h_addrun/wordvec_hash_glove_cc-42b-300d/pairwise_32x16_adam-0.001_softmax_pos-intersect-query_neg-run/covid_trf2-rnd5-quest_bm25_k1-3.9_b-0.55.1000_2020-07-16_bs-text_2020filter_bsoverride-rnd5-query_rr-title_abs/msmarco_judgeddev_bm25_k1-0.82_b-0.68.100/runs/-1.run[0m
[02;37m[2020-08-18 21:25:09,122][pipeline:jesus][INFO] [0m[32mtest  epoch=-1 map@1000=0.1476 [mrr@10=0.1366] ndcg@20=0.1975 p@1=0.0764 p@20=0.0205 rprec=0.0759 runscore_alpha=0.3301[0m
