Better speed can be achieved with apex installed from https://www.github.com/nvidia/apex.
[02;37m[2020-08-19 12:36:55,325][vocab:wordvec_hash][DEBUG] [0m[37m[starting] reading cached at ../data/vocab/wordvec_hash/glove-cc-42b-300d.p[0m
[02;37m[2020-08-19 12:37:07,971][vocab:wordvec_hash][DEBUG] [0m[37m[finished] reading cached at ../data/vocab/wordvec_hash/glove-cc-42b-300d.p [12.65s][0m
[02;37m[2020-08-19 12:37:21,576][onir.config][WARNING] [0m[33munknown bm25 arg k1-0.82[0m
[02;37m[2020-08-19 12:37:21,576][onir.config][WARNING] [0m[33munknown bm25 arg b-0.68[0m
[02;37m[2020-08-19 12:37:38,635][trainer:pairwise][DEBUG] [0m[37musing GPU (deterministic)[0m
[02;37m[2020-08-19 12:37:38,635][onir.config][WARNING] [0m[33munknown bm25 arg k1-0.82[0m
[02;37m[2020-08-19 12:37:38,636][onir.config][WARNING] [0m[33munknown bm25 arg b-0.68[0m
[02;37m[2020-08-19 12:37:38,641][onir.injector][DEBUG] [0m[37mConfiguration:[0m
 vocab      wordvec_hash                                                  
--------------------------------------------------------------------------
 source     [33mglove[0m         |  variant      [33mcc-42b-300d[0m  |  train     False 
 hashspace  1000          |  init_stddev  0.5          |  log_miss  False 

 train_ds             msmarco                                                                            
---------------------------------------------------------------------------------------------------------
 rankfn               [33mbm25_k1-0.82_b-0.68[0m  |  subset           train    |  ranktopk                 100  
 special              [33mmspairs[0m              |  index            default  |  init_skip_train10        True 
 init_skip_train_med  True                 |  init_skip_msrun  True     |  init_skip_doctttttquery  True 

 ranker   drmm                                            
----------------------------------------------------------
 qlen     [33m40[0m    |  dlen   2000  |  add_runscore  [33mTrue[0m     
 hidden   5     |  nbins  11    |  histo         logcount 
 combine  idf                                             

 trainer     pairwise                                                                                                    
-------------------------------------------------------------------------------------------------------------------------
 batch_size  16        |  batches_per_epoch  32         |  grad_acc_batch  0                                             
 optimizer   adam      |  lr                 0.001      |  gpu             True                                          
 gpu_determ  True      |  encoder_lr         0.0        |  pipeline        [33mmsmarco_train_bm25_k1-0.82_b-0.68.100_mspairs[0m 
 lossfn      softmax   |  pos_source         intersect  |  neg_source      run                                           
 sampling    query     |  pos_minrel         1          |  unjudged_rel    0                                             
 num_neg     1         |  margin             0.0                                                                         

 valid_ds             msmarco                                                                            
---------------------------------------------------------------------------------------------------------
 rankfn               [33mbm25_k1-0.82_b-0.68[0m  |  subset           [33mminidev[0m  |  ranktopk                 [33m20[0m   
 special              [02;37m[empty][0m              |  index            default  |  init_skip_train10        True 
 init_skip_train_med  True                 |  init_skip_msrun  True     |  init_skip_doctttttquery  True 

 valid_pred  reranker                                                                                
-----------------------------------------------------------------------------------------------------
 batch_size  64        |  gpu            True  |  gpu_determ  True                                   
 preload     False     |  run_threshold  0     |  measures    [33mmrr@10,ndcg@20,map@1000,p@1,p@20,rprec[0m 
 source      run                                                                                     

 test_ds   covid                                                                
--------------------------------------------------------------------------------
 rankfn    [33mbm25_k1-3.9_b-0.55[0m  |  subset       [33mf2-rnd5-quest[0m  |  ranktopk  [33m500[0m  
 date      2020-07-16          |  2020_filter  [33mTrue[0m           |  bs_field  text 
 rr_field  title_abs           |  bs_override  [33mrnd5-query[0m     |  fold      all  

 test_pred   reranker                                                                         
----------------------------------------------------------------------------------------------
 batch_size  64        |  gpu            True  |  gpu_determ  True                            
 preload     False     |  run_threshold  0     |  measures    [33mmrr@10,ndcg@20,map,p@20,ndcg@10[0m 
 source      run                                                                              

 pipeline      jesus                                                                                              
------------------------------------------------------------------------------------------------------------------
 max_epoch     1000    |  early_stop     20     |  warmup       -1                                                
 val_metric    [33mmrr@10[0m  |  purge_weights  True   |  test         [33mTrue[0m                                              
 initial_eval  False   |  skip_ds_init   False  |  only_cached  False                                             
 onlytest      [33mTrue[0m    |  finetune       [33mTrue[0m   |  savefile     [33mmodel_drmm-train_cord19-train_msmarco-test_cord19[0m 
[0m
[02;37m[2020-08-19 12:37:38,642][valid_pred:reranker][DEBUG] [0m[37musing GPU (deterministic)[0m
[02;37m[2020-08-19 12:37:38,643][trainer:pairwise][INFO] [0m[32mtrain path: ../data/models/config2/drmm_40q_2000d_logcount-11_5h_addrun/wordvec_hash_glove_cc-42b-300d/pairwise_32x16_adam-0.001_softmax_pos-intersect-query_neg-run/msmarco_train_bm25_k1-0.82_b-0.68.100_mspairs[0m
[02;37m[2020-08-19 12:37:41,871][trainer:pairwise][INFO] [0m[32mloading prev model : ../data/models/config2/drmm_40q_2000d_logcount-11_5h_addrun/wordvec_hash_glove_cc-42b-300d/pairwise_32x16_adam-0.001_softmax_pos-intersect-query_neg-run/msmarco_train_bm25_k1-0.82_b-0.68.100_mspairs[0m
[02;37m[2020-08-19 12:37:41,876][pipeline:jesus][DEBUG] [0m[37m[jesus] skipping training[0m
[02;37m[2020-08-19 12:37:41,876][pipeline:jesus][DEBUG] [0m[37m[jesus] loading top context[0m
[02;37m[2020-08-19 12:37:41,876][pipeline:jesus][DEBUG] [0m[37m[jesus] Top epoch context: {'epoch': -1, 'batch_size': 16, 'batches_per_epoch': 32, 'num_microbatches': 1, 'device': device(type='cuda'), 'base_path': '../data/models/config2/drmm_40q_2000d_logcount-11_5h_addrun/wordvec_hash_glove_cc-42b-300d/pairwise_32x16_adam-0.001_softmax_pos-intersect-query_neg-run/msmarco_train_bm25_k1-0.82_b-0.68.100_mspairs', 'ranker': <function Trainer.iter_train.<locals>.<lambda> at 0x7fb96cbd3158>, 'ranker_path': '../data/models/config2/drmm_40q_2000d_logcount-11_5h_addrun/wordvec_hash_glove_cc-42b-300d/pairwise_32x16_adam-0.001_softmax_pos-intersect-query_neg-run/msmarco_train_bm25_k1-0.82_b-0.68.100_mspairs/weights/-2.p', 'optimizer': <function Trainer.iter_train.<locals>.<lambda> at 0x7fb8be2f49d8>, 'optimizer_path': '../data/models/config2/drmm_40q_2000d_logcount-11_5h_addrun/wordvec_hash_glove_cc-42b-300d/pairwise_32x16_adam-0.001_softmax_pos-intersect-query_neg-run/msmarco_train_bm25_k1-0.82_b-0.68.100_mspairs/optimizer/-2.p'}[0m
[02;37m[2020-08-19 12:37:41,876][pipeline:jesus][INFO] [0m[32mStarting load ranker[0m
[02;37m[2020-08-19 12:37:41,876][pipeline:jesus][INFO] [0m[32mStarting test predictor run[0m
[02;37m[2020-08-19 12:37:41,876][pipeline:jesus][DEBUG] [0m[37m[starting] testing[0m
[02;37m[2020-08-19 12:37:41,876][test_pred:reranker][DEBUG] [0m[37musing GPU (deterministic)[0m
[02;37m[2020-08-19 12:37:41,880][test_ds:covid][DEBUG] [0m[37m[starting] reading bm25_k1-3.9_b-0.55:500[0m
[02;37m[2020-08-19 12:37:41,896][test_ds:covid][DEBUG] [0m[37m[finished] reading bm25_k1-3.9_b-0.55:500 [16ms][0m
[02;37m[2020-08-19 12:37:41,897][test_ds:covid][DEBUG] [0m[37m[starting] reading bm25_k1-3.9_b-0.55:500[0m
[02;37m[2020-08-19 12:37:41,931][test_ds:covid][DEBUG] [0m[37m[finished] reading bm25_k1-3.9_b-0.55:500 [34ms][0m
[02;37m[2020-08-19 12:37:41,934][onir.interfaces.java][DEBUG] [0m[37m[starting] initializing jnius[0m
[02;37m[2020-08-19 12:37:42,918][onir.interfaces.java][DEBUG] [0m[37m[finished] initializing jnius [985ms][0m
[02;37m[2020-08-19 12:38:15,664][pipeline:jesus][DEBUG] [0m[37m[finished] testing [33.79s][0m
[02;37m[2020-08-19 12:38:15,664][pipeline:jesus][INFO] [0m[32mtest run at ../data/models/config2/drmm_40q_2000d_logcount-11_5h_addrun/wordvec_hash_glove_cc-42b-300d/pairwise_32x16_adam-0.001_softmax_pos-intersect-query_neg-run/msmarco_train_bm25_k1-0.82_b-0.68.100_mspairs/covid_f2-rnd5-quest_bm25_k1-3.9_b-0.55.500_2020-07-16_bs-text_2020filter_bsoverride-rnd5-query_rr-title_abs/runs/-1.run[0m
[02;37m[2020-08-19 12:38:15,664][pipeline:jesus][INFO] [0m[32mtest  epoch=-1 map=0.1260 [mrr@10=0.7796] ndcg@10=0.4350 ndcg@20=0.4039 p@20=0.4417 runscore_alpha=0.1887[0m
